#
# There is insufficient memory for the Java Runtime Environment to continue.
# Native memory allocation (mmap) failed to map 357564416 bytes for Failed to commit area from 0x0000000092300000 to 0x00000000a7800000 of length 357564416.
# Possible reasons:
#   The system is out of physical RAM or swap space
#   The process is running with CompressedOops enabled, and the Java Heap may be blocking the growth of the native heap
# Possible solutions:
#   Reduce memory load on the system
#   Increase physical memory or swap space
#   Check if swap backing store is full
#   Decrease Java heap size (-Xmx/-Xms)
#   Decrease number of Java threads
#   Decrease Java thread stack sizes (-Xss)
#   Set larger code cache with -XX:ReservedCodeCacheSize=
#   JVM is running with Unscaled Compressed Oops mode in which the Java heap is
#     placed in the first 4GB address space. The Java Heap base address is the
#     maximum limit for the native heap growth. Please use -XX:HeapBaseMinAddress
#     to set the Java Heap base and to place the Java Heap above 4GB virtual address.
# This output file may be truncated or incomplete.
#
#  Out of Memory Error (./src/hotspot/os/windows/os_windows.cpp:3521), pid=4220, tid=9608
#
# JRE version: OpenJDK Runtime Environment (11.0.12+7) (build 11.0.12+7-b1504.28-7817840)
# Java VM: OpenJDK 64-Bit Server VM (11.0.12+7-b1504.28-7817840, mixed mode, tiered, compressed oops, g1 gc, windows-amd64)
# No core dump will be written. Minidumps are not enabled by default on client versions of Windows
#

---------------  S U M M A R Y ------------

Command Line: --add-opens=java.base/java.util=ALL-UNNAMED --add-opens=java.base/java.lang=ALL-UNNAMED --add-opens=java.base/java.lang.invoke=ALL-UNNAMED --add-opens=java.base/java.util=ALL-UNNAMED --add-opens=java.prefs/java.util.prefs=ALL-UNNAMED --add-opens=java.prefs/java.util.prefs=ALL-UNNAMED --add-opens=java.base/java.nio.charset=ALL-UNNAMED --add-opens=java.base/java.net=ALL-UNNAMED --add-opens=java.base/java.util.concurrent.atomic=ALL-UNNAMED -Xmx2048m -Dfile.encoding=UTF-8 -Duser.country=UA -Duser.language=uk -Duser.variant org.gradle.launcher.daemon.bootstrap.GradleDaemon 7.3.3

Host: Intel(R) Core(TM) i3-9100F CPU @ 3.60GHz, 4 cores, 3G,  Windows 10 , 64 bit Build 19041 (10.0.19041.1889)
Time: Fri Nov  4 09:15:15 2022 Фінляндія (зима) elapsed time: 44.781124 seconds (0d 0h 0m 44s)

---------------  T H R E A D  ---------------

Current thread (0x000001e7b9e20800):  VMThread "VM Thread" [stack: 0x0000005a33f00000,0x0000005a34000000] [id=9608]

Stack: [0x0000005a33f00000,0x0000005a34000000]
[error occurred during error reporting (printing stack bounds), id 0xc0000005, EXCEPTION_ACCESS_VIOLATION (0xc0000005) at pc=0x000001e7a35f112d]

Native frames: (J=compiled Java code, j=interpreted, Vv=VM code, C=native code)
V  [jvm.dll+0x5fbcea]
V  [jvm.dll+0x731905]
V  [jvm.dll+0x732f1d]
V  [jvm.dll+0x733535]
V  [jvm.dll+0x7334eb]
V  [jvm.dll+0x5fb080]
V  [jvm.dll+0x5fb818]
C  [ntdll.dll+0xa241f]
C  [ntdll.dll+0x514a4]
C  [ntdll.dll+0xa0f4e]
C  0x000001e7a35f112d

VM_Operation (0x0000005a389f8810): G1CollectForAllocation, mode: safepoint, requested by thread 0x000001e7c08d6000


---------------  P R O C E S S  ---------------

Threads class SMR info:
_java_thread_list=0x000001e7bd6ca5a0, length=84, elements={
0x000001e79fada000, 0x000001e7b9e27000, 0x000001e7b9e28000, 0x000001e7b9e48000,
0x000001e7b9e49000, 0x000001e7b9e4a000, 0x000001e7b9e92800, 0x000001e7b9e95000,
0x000001e7b9e96800, 0x000001e7ba93c800, 0x000001e7bba6e800, 0x000001e7bc85e800,
0x000001e7bc7ce800, 0x000001e7bb88e000, 0x000001e7bbfd7000, 0x000001e7ba824000,
0x000001e7ba824800, 0x000001e7ba823000, 0x000001e7ba825800, 0x000001e7ba828000,
0x000001e7beae1800, 0x000001e7beae0800, 0x000001e7beade800, 0x000001e7beae3000,
0x000001e7beae0000, 0x000001e7c09fc000, 0x000001e7c09fa800, 0x000001e7c09f3000,
0x000001e7c09f4000, 0x000001e7c09ef000, 0x000001e7c09f0000, 0x000001e7c09f0800,
0x000001e7c09f1800, 0x000001e7c09f2800, 0x000001e7c09ee800, 0x000001e7c09f8000,
0x000001e7c09f6800, 0x000001e7c09f7800, 0x000001e7c09f5800, 0x000001e7c09f9000,
0x000001e7c09f9800, 0x000001e7c09f5000, 0x000001e7c09fb800, 0x000001e7c09fd000,
0x000001e7beae6800, 0x000001e7beae4000, 0x000001e7beae7800, 0x000001e7beae8000,
0x000001e7beae2800, 0x000001e7beaed000, 0x000001e7beae9000, 0x000001e7beae9800,
0x000001e7beaeb800, 0x000001e7beaea800, 0x000001e7beaec000, 0x000001e7ba826000,
0x000001e7ba828800, 0x000001e7ba827000, 0x000001e7ba829800, 0x000001e7c08ce000,
0x000001e7c08c8000, 0x000001e7c08ce800, 0x000001e7c08c9000, 0x000001e7c08ca000,
0x000001e7c08cf800, 0x000001e7c08cb800, 0x000001e7c08cc000, 0x000001e7c08cd000,
0x000001e7c08d0800, 0x000001e7c08ca800, 0x000001e7c08d6000, 0x000001e7c08d4800,
0x000001e7c08d5000, 0x000001e7c08d7000, 0x000001e7c08d1000, 0x000001e7c08d2000,
0x000001e7c08d3000, 0x000001e7c08d3800, 0x000001e7c241a000, 0x000001e7c241c800,
0x000001e7c241d800, 0x000001e7c241f000, 0x000001e7c241b800, 0x000001e7c2419800
}

Java Threads: ( => current thread )
  0x000001e79fada000 JavaThread "main" [_thread_blocked, id=8252, stack(0x0000005a33900000,0x0000005a33a00000)]
  0x000001e7b9e27000 JavaThread "Reference Handler" daemon [_thread_blocked, id=10036, stack(0x0000005a34000000,0x0000005a34100000)]
  0x000001e7b9e28000 JavaThread "Finalizer" daemon [_thread_blocked, id=5280, stack(0x0000005a34100000,0x0000005a34200000)]
  0x000001e7b9e48000 JavaThread "Signal Dispatcher" daemon [_thread_blocked, id=7276, stack(0x0000005a34200000,0x0000005a34300000)]
  0x000001e7b9e49000 JavaThread "Attach Listener" daemon [_thread_blocked, id=944, stack(0x0000005a34300000,0x0000005a34400000)]
  0x000001e7b9e4a000 JavaThread "Service Thread" daemon [_thread_blocked, id=384, stack(0x0000005a34400000,0x0000005a34500000)]
  0x000001e7b9e92800 JavaThread "C2 CompilerThread0" daemon [_thread_in_native, id=13448, stack(0x0000005a34500000,0x0000005a34600000)]
  0x000001e7b9e95000 JavaThread "C1 CompilerThread0" daemon [_thread_blocked, id=8832, stack(0x0000005a34600000,0x0000005a34700000)]
  0x000001e7b9e96800 JavaThread "Sweeper thread" daemon [_thread_blocked, id=3140, stack(0x0000005a34700000,0x0000005a34800000)]
  0x000001e7ba93c800 JavaThread "Common-Cleaner" daemon [_thread_blocked, id=11580, stack(0x0000005a34800000,0x0000005a34900000)]
  0x000001e7bba6e800 JavaThread "Daemon health stats" [_thread_blocked, id=10052, stack(0x0000005a34a00000,0x0000005a34b00000)]
  0x000001e7bc85e800 JavaThread "Incoming local TCP Connector on port 58068" [_thread_in_native, id=9840, stack(0x0000005a34c00000,0x0000005a34d00000)]
  0x000001e7bc7ce800 JavaThread "Daemon periodic checks" [_thread_blocked, id=7756, stack(0x0000005a34d00000,0x0000005a34e00000)]
  0x000001e7bb88e000 JavaThread "Daemon" [_thread_blocked, id=9544, stack(0x0000005a35000000,0x0000005a35100000)]
  0x000001e7bbfd7000 JavaThread "Daemon worker" [_thread_blocked, id=7188, stack(0x0000005a35300000,0x0000005a35400000)]
  0x000001e7ba824000 JavaThread "Cache worker for journal cache (C:\Users\ochuhvitskyy\.gradle\caches\journal-1)" [_thread_blocked, id=8344, stack(0x0000005a35700000,0x0000005a35800000)]
  0x000001e7ba824800 JavaThread "File lock request listener" [_thread_in_native, id=12396, stack(0x0000005a35800000,0x0000005a35900000)]
  0x000001e7ba823000 JavaThread "Cache worker for file hash cache (C:\Users\ochuhvitskyy\.gradle\caches\7.3.3\fileHashes)" [_thread_blocked, id=1188, stack(0x0000005a35900000,0x0000005a35a00000)]
  0x000001e7ba825800 JavaThread "File watcher server" daemon [_thread_blocked, id=13032, stack(0x0000005a35b00000,0x0000005a35c00000)]
  0x000001e7ba828000 JavaThread "File watcher consumer" daemon [_thread_blocked, id=13980, stack(0x0000005a35c00000,0x0000005a35d00000)]
  0x000001e7beae1800 JavaThread "Cache worker for execution history cache (C:\Users\ochuhvitskyy\.gradle\caches\7.3.3\executionHistory)" [_thread_blocked, id=11296, stack(0x0000005a36000000,0x0000005a36100000)]
  0x000001e7beae0800 JavaThread "jar transforms" [_thread_blocked, id=10132, stack(0x0000005a36200000,0x0000005a36300000)]
  0x000001e7beade800 JavaThread "Cache worker for file content cache (C:\Users\ochuhvitskyy\.gradle\caches\7.3.3\fileContent)" [_thread_blocked, id=7004, stack(0x0000005a36300000,0x0000005a36400000)]
  0x000001e7beae3000 JavaThread "jar transforms Thread 2" [_thread_blocked, id=10452, stack(0x0000005a36400000,0x0000005a36500000)]
  0x000001e7beae0000 JavaThread "jar transforms Thread 3" [_thread_blocked, id=8404, stack(0x0000005a36600000,0x0000005a36700000)]
  0x000001e7c09fc000 JavaThread "jar transforms Thread 4" [_thread_blocked, id=7608, stack(0x0000005a39000000,0x0000005a39100000)]
  0x000001e7c09fa800 JavaThread "Memory manager" [_thread_blocked, id=11028, stack(0x0000005a36100000,0x0000005a36200000)]
  0x000001e7c09f3000 JavaThread "Handler for socket connection from /127.0.0.1:58068 to /127.0.0.1:58092" [_thread_in_native, id=7176, stack(0x0000005a35200000,0x0000005a35300000)]
  0x000001e7c09f4000 JavaThread "Cancel handler" [_thread_blocked, id=11844, stack(0x0000005a35400000,0x0000005a35500000)]
  0x000001e7c09ef000 JavaThread "Asynchronous log dispatcher for DefaultDaemonConnection: socket connection from /127.0.0.1:58068 to /127.0.0.1:58092" [_thread_blocked, id=11796, stack(0x0000005a35500000,0x0000005a35600000)]
  0x000001e7c09f0000 JavaThread "Stdin handler" [_thread_blocked, id=9512, stack(0x0000005a35600000,0x0000005a35700000)]
  0x000001e7c09f0800 JavaThread "Daemon client event forwarder" [_thread_blocked, id=8704, stack(0x0000005a35a00000,0x0000005a35b00000)]
  0x000001e7c09f1800 JavaThread "Cache worker for file hash cache (C:\Users\ochuhvitskyy\AndroidStudioProjects\JetComp\.gradle\7.3.3\fileHashes)" [_thread_blocked, id=12728, stack(0x0000005a35d00000,0x0000005a35e00000)]
  0x000001e7c09f2800 JavaThread "Cache worker for checksums cache (C:\Users\ochuhvitskyy\AndroidStudioProjects\JetComp\.gradle\7.3.3\checksums)" [_thread_blocked, id=6492, stack(0x0000005a35e00000,0x0000005a35f00000)]
  0x000001e7c09ee800 JavaThread "Cache worker for cache directory md-supplier (C:\Users\ochuhvitskyy\.gradle\caches\7.3.3\md-supplier)" [_thread_blocked, id=4936, stack(0x0000005a35f00000,0x0000005a36000000)]
  0x000001e7c09f8000 JavaThread "Cache worker for cache directory md-rule (C:\Users\ochuhvitskyy\.gradle\caches\7.3.3\md-rule)" [_thread_blocked, id=11708, stack(0x0000005a36500000,0x0000005a36600000)]
  0x000001e7c09f6800 JavaThread "Cache worker for dependencies-accessors (C:\Users\ochuhvitskyy\AndroidStudioProjects\JetComp\.gradle\7.3.3\dependencies-accessors)" [_thread_blocked, id=2276, stack(0x0000005a36700000,0x0000005a36800000)]
  0x000001e7c09f7800 JavaThread "Cache worker for Build Output Cleanup Cache (C:\Users\ochuhvitskyy\AndroidStudioProjects\JetComp\.gradle\buildOutputCleanup)" [_thread_blocked, id=9804, stack(0x0000005a36800000,0x0000005a36900000)]
  0x000001e7c09f5800 JavaThread "Unconstrained build operations" [_thread_blocked, id=14068, stack(0x0000005a36900000,0x0000005a36a00000)]
  0x000001e7c09f9000 JavaThread "Unconstrained build operations Thread 2" [_thread_blocked, id=4196, stack(0x0000005a36a00000,0x0000005a36b00000)]
  0x000001e7c09f9800 JavaThread "Unconstrained build operations Thread 3" [_thread_blocked, id=13164, stack(0x0000005a36b00000,0x0000005a36c00000)]
  0x000001e7c09f5000 JavaThread "Unconstrained build operations Thread 4" [_thread_blocked, id=9896, stack(0x0000005a36c00000,0x0000005a36d00000)]
  0x000001e7c09fb800 JavaThread "Unconstrained build operations Thread 5" [_thread_blocked, id=10188, stack(0x0000005a36d00000,0x0000005a36e00000)]
  0x000001e7c09fd000 JavaThread "Unconstrained build operations Thread 6" [_thread_blocked, id=12256, stack(0x0000005a36e00000,0x0000005a36f00000)]
  0x000001e7beae6800 JavaThread "Unconstrained build operations Thread 7" [_thread_blocked, id=9476, stack(0x0000005a36f00000,0x0000005a37000000)]
  0x000001e7beae4000 JavaThread "Unconstrained build operations Thread 8" [_thread_blocked, id=1312, stack(0x0000005a37000000,0x0000005a37100000)]
  0x000001e7beae7800 JavaThread "Unconstrained build operations Thread 9" [_thread_blocked, id=10912, stack(0x0000005a37100000,0x0000005a37200000)]
  0x000001e7beae8000 JavaThread "Unconstrained build operations Thread 10" [_thread_blocked, id=3148, stack(0x0000005a37200000,0x0000005a37300000)]
  0x000001e7beae2800 JavaThread "Unconstrained build operations Thread 11" [_thread_blocked, id=10148, stack(0x0000005a37300000,0x0000005a37400000)]
  0x000001e7beaed000 JavaThread "Unconstrained build operations Thread 12" [_thread_blocked, id=13472, stack(0x0000005a37400000,0x0000005a37500000)]
  0x000001e7beae9000 JavaThread "Unconstrained build operations Thread 13" [_thread_blocked, id=9836, stack(0x0000005a37500000,0x0000005a37600000)]
  0x000001e7beae9800 JavaThread "Unconstrained build operations Thread 14" [_thread_blocked, id=5904, stack(0x0000005a37600000,0x0000005a37700000)]
  0x000001e7beaeb800 JavaThread "Unconstrained build operations Thread 15" [_thread_blocked, id=3392, stack(0x0000005a37700000,0x0000005a37800000)]
  0x000001e7beaea800 JavaThread "Unconstrained build operations Thread 16" [_thread_blocked, id=7928, stack(0x0000005a37800000,0x0000005a37900000)]
  0x000001e7beaec000 JavaThread "Unconstrained build operations Thread 17" [_thread_blocked, id=3248, stack(0x0000005a37900000,0x0000005a37a00000)]
  0x000001e7ba826000 JavaThread "Unconstrained build operations Thread 18" [_thread_blocked, id=7536, stack(0x0000005a37a00000,0x0000005a37b00000)]
  0x000001e7ba828800 JavaThread "Unconstrained build operations Thread 19" [_thread_blocked, id=568, stack(0x0000005a37b00000,0x0000005a37c00000)]
  0x000001e7ba827000 JavaThread "Unconstrained build operations Thread 20" [_thread_blocked, id=10888, stack(0x0000005a37c00000,0x0000005a37d00000)]
  0x000001e7ba829800 JavaThread "Unconstrained build operations Thread 21" [_thread_blocked, id=6776, stack(0x0000005a37d00000,0x0000005a37e00000)]
  0x000001e7c08ce000 JavaThread "Unconstrained build operations Thread 22" [_thread_blocked, id=4148, stack(0x0000005a37e00000,0x0000005a37f00000)]
  0x000001e7c08c8000 JavaThread "Unconstrained build operations Thread 23" [_thread_blocked, id=5952, stack(0x0000005a37f00000,0x0000005a38000000)]
  0x000001e7c08ce800 JavaThread "Unconstrained build operations Thread 24" [_thread_blocked, id=11020, stack(0x0000005a38000000,0x0000005a38100000)]
  0x000001e7c08c9000 JavaThread "Unconstrained build operations Thread 25" [_thread_blocked, id=2912, stack(0x0000005a38100000,0x0000005a38200000)]
  0x000001e7c08ca000 JavaThread "Unconstrained build operations Thread 26" [_thread_blocked, id=11452, stack(0x0000005a38200000,0x0000005a38300000)]
  0x000001e7c08cf800 JavaThread "Unconstrained build operations Thread 27" [_thread_blocked, id=1616, stack(0x0000005a38300000,0x0000005a38400000)]
  0x000001e7c08cb800 JavaThread "Unconstrained build operations Thread 28" [_thread_blocked, id=3928, stack(0x0000005a38400000,0x0000005a38500000)]
  0x000001e7c08cc000 JavaThread "Unconstrained build operations Thread 29" [_thread_blocked, id=10608, stack(0x0000005a38500000,0x0000005a38600000)]
  0x000001e7c08cd000 JavaThread "Unconstrained build operations Thread 30" [_thread_blocked, id=9556, stack(0x0000005a38600000,0x0000005a38700000)]
  0x000001e7c08d0800 JavaThread "Unconstrained build operations Thread 31" [_thread_blocked, id=7848, stack(0x0000005a38700000,0x0000005a38800000)]
  0x000001e7c08ca800 JavaThread "Unconstrained build operations Thread 32" [_thread_blocked, id=6816, stack(0x0000005a38800000,0x0000005a38900000)]
  0x000001e7c08d6000 JavaThread "Unconstrained build operations Thread 33" [_thread_blocked, id=11404, stack(0x0000005a38900000,0x0000005a38a00000)]
  0x000001e7c08d4800 JavaThread "Unconstrained build operations Thread 34" [_thread_blocked, id=4944, stack(0x0000005a38a00000,0x0000005a38b00000)]
  0x000001e7c08d5000 JavaThread "Unconstrained build operations Thread 35" [_thread_blocked, id=8908, stack(0x0000005a38b00000,0x0000005a38c00000)]
  0x000001e7c08d7000 JavaThread "Unconstrained build operations Thread 36" [_thread_blocked, id=12576, stack(0x0000005a38c00000,0x0000005a38d00000)]
  0x000001e7c08d1000 JavaThread "Unconstrained build operations Thread 37" [_thread_blocked, id=5744, stack(0x0000005a38d00000,0x0000005a38e00000)]
  0x000001e7c08d2000 JavaThread "Unconstrained build operations Thread 38" [_thread_blocked, id=11084, stack(0x0000005a38e00000,0x0000005a38f00000)]
  0x000001e7c08d3000 JavaThread "Unconstrained build operations Thread 39" [_thread_blocked, id=3300, stack(0x0000005a38f00000,0x0000005a39000000)]
  0x000001e7c08d3800 JavaThread "Unconstrained build operations Thread 40" [_thread_blocked, id=9496, stack(0x0000005a39100000,0x0000005a39200000)]
  0x000001e7c241a000 JavaThread "build event listener" [_thread_blocked, id=880, stack(0x0000005a39200000,0x0000005a39300000)]
  0x000001e7c241c800 JavaThread "Execution worker for ':'" [_thread_blocked, id=9116, stack(0x0000005a39300000,0x0000005a39400000)]
  0x000001e7c241d800 JavaThread "Execution worker for ':' Thread 2" [_thread_blocked, id=13808, stack(0x0000005a39400000,0x0000005a39500000)]
  0x000001e7c241f000 JavaThread "Execution worker for ':' Thread 3" [_thread_blocked, id=9872, stack(0x0000005a39500000,0x0000005a39600000)]
  0x000001e7c241b800 JavaThread "Cache worker for execution history cache (C:\Users\ochuhvitskyy\AndroidStudioProjects\JetComp\.gradle\7.3.3\executionHistory)" [_thread_blocked, id=14304, stack(0x0000005a39600000,0x0000005a39700000)]
  0x000001e7c2419800 JavaThread "WorkerExecutor Queue" [_thread_blocked, id=1704, stack(0x0000005a39700000,0x0000005a39800000)]

Other Threads:
=>0x000001e7b9e20800 VMThread "VM Thread" [stack: 0x0000005a33f00000,0x0000005a34000000] [id=9608]
  0x000001e7ba969800 WatcherThread [stack: 0x0000005a34900000,0x0000005a34a00000] [id=4216]
  0x000001e79faf3800 GCTaskThread "GC Thread#0" [stack: 0x0000005a33a00000,0x0000005a33b00000] [id=4504]
  0x000001e7bacbe800 GCTaskThread "GC Thread#1" [stack: 0x0000005a34b00000,0x0000005a34c00000] [id=10700]
  0x000001e7bc358800 GCTaskThread "GC Thread#2" [stack: 0x0000005a34e00000,0x0000005a34f00000] [id=4756]
  0x000001e7bc9d0800 GCTaskThread "GC Thread#3" [stack: 0x0000005a34f00000,0x0000005a35000000] [id=3804]
  0x000001e79fb27000 ConcurrentGCThread "G1 Main Marker" [stack: 0x0000005a33b00000,0x0000005a33c00000] [id=12872]
  0x000001e79fb29000 ConcurrentGCThread "G1 Conc#0" [stack: 0x0000005a33c00000,0x0000005a33d00000] [id=10272]
  0x000001e79fb80000 ConcurrentGCThread "G1 Refine#0" [stack: 0x0000005a33d00000,0x0000005a33e00000] [id=6272]
  0x000001e79fb81000 ConcurrentGCThread "G1 Young RemSet Sampling" [stack: 0x0000005a33e00000,0x0000005a33f00000] [id=12888]

Threads with active compile tasks:
C2 CompilerThread0  44837 16252       4       com.android.tools.r8.internal.tJ::a (447 bytes)
C1 CompilerThread0  44837 16424       3       com.android.tools.r8.internal.sJ::a (1305 bytes)

VM state:at safepoint (normal execution)

VM Mutex/Monitor currently owned by a thread:  ([mutex/lock_event])
[0x000001e79fad7270] Threads_lock - owner thread: 0x000001e7b9e20800
[0x000001e79fad7780] Heap_lock - owner thread: 0x000001e7c08d6000

Heap address: 0x0000000080000000, size: 2048 MB, Compressed Oops mode: 32-bit
Narrow klass base: 0x0000000000000000, Narrow klass shift: 3
Compressed class space size: 1073741824 Address: 0x0000000100000000

Heap:
 garbage-first heap   total 647168K, used 165888K [0x0000000080000000, 0x0000000100000000)
  region size 1024K, 2 young (2048K), 2 survivors (2048K)
 Metaspace       used 110105K, capacity 112956K, committed 113352K, reserved 1146880K
  class space    used 14144K, capacity 15264K, committed 15436K, reserved 1048576K
Heap Regions: E=young(eden), S=young(survivor), O=old, HS=humongous(starts), HC=humongous(continues), CS=collection set, F=free, A=archive, TAMS=top-at-mark-start (previous, next)
|   0|0x0000000080000000, 0x0000000080100000, 0x0000000080100000|100%|HS|  |TAMS 0x0000000080100000, 0x0000000080100000| Complete 
|   1|0x0000000080100000, 0x0000000080200000, 0x0000000080200000|100%|HC|  |TAMS 0x0000000080200000, 0x0000000080200000| Complete 
|   2|0x0000000080200000, 0x0000000080300000, 0x0000000080300000|100%|HC|  |TAMS 0x0000000080300000, 0x0000000080300000| Complete 
|   3|0x0000000080300000, 0x0000000080400000, 0x0000000080400000|100%| O|  |TAMS 0x0000000080400000, 0x0000000080400000| Untracked 
|   4|0x0000000080400000, 0x0000000080500000, 0x0000000080500000|100%| O|  |TAMS 0x0000000080500000, 0x0000000080500000| Untracked 
|   5|0x0000000080500000, 0x0000000080600000, 0x0000000080600000|100%| O|  |TAMS 0x0000000080600000, 0x0000000080600000| Untracked 
|   6|0x0000000080600000, 0x0000000080700000, 0x0000000080700000|100%| O|  |TAMS 0x0000000080700000, 0x0000000080700000| Untracked 
|   7|0x0000000080700000, 0x0000000080800000, 0x0000000080800000|100%| O|  |TAMS 0x0000000080800000, 0x0000000080800000| Untracked 
|   8|0x0000000080800000, 0x0000000080900000, 0x0000000080900000|100%| O|  |TAMS 0x0000000080900000, 0x0000000080900000| Untracked 
|   9|0x0000000080900000, 0x0000000080a00000, 0x0000000080a00000|100%| O|  |TAMS 0x0000000080a00000, 0x0000000080a00000| Untracked 
|  10|0x0000000080a00000, 0x0000000080b00000, 0x0000000080b00000|100%| O|  |TAMS 0x0000000080b00000, 0x0000000080b00000| Untracked 
|  11|0x0000000080b00000, 0x0000000080c00000, 0x0000000080c00000|100%| O|  |TAMS 0x0000000080c00000, 0x0000000080c00000| Untracked 
|  12|0x0000000080c00000, 0x0000000080d00000, 0x0000000080d00000|100%| O|  |TAMS 0x0000000080d00000, 0x0000000080d00000| Untracked 
|  13|0x0000000080d00000, 0x0000000080e00000, 0x0000000080e00000|100%| O|  |TAMS 0x0000000080e00000, 0x0000000080e00000| Untracked 
|  14|0x0000000080e00000, 0x0000000080f00000, 0x0000000080f00000|100%| O|  |TAMS 0x0000000080f00000, 0x0000000080f00000| Untracked 
|  15|0x0000000080f00000, 0x0000000081000000, 0x0000000081000000|100%| O|  |TAMS 0x0000000081000000, 0x0000000081000000| Untracked 
|  16|0x0000000081000000, 0x0000000081100000, 0x0000000081100000|100%| O|  |TAMS 0x0000000081100000, 0x0000000081100000| Untracked 
|  17|0x0000000081100000, 0x0000000081200000, 0x0000000081200000|100%| O|  |TAMS 0x0000000081200000, 0x0000000081200000| Untracked 
|  18|0x0000000081200000, 0x0000000081300000, 0x0000000081300000|100%| O|  |TAMS 0x0000000081300000, 0x0000000081300000| Untracked 
|  19|0x0000000081300000, 0x0000000081400000, 0x0000000081400000|100%| O|  |TAMS 0x0000000081400000, 0x0000000081400000| Untracked 
|  20|0x0000000081400000, 0x0000000081500000, 0x0000000081500000|100%| O|  |TAMS 0x0000000081500000, 0x0000000081500000| Untracked 
|  21|0x0000000081500000, 0x0000000081600000, 0x0000000081600000|100%| O|  |TAMS 0x0000000081600000, 0x0000000081600000| Untracked 
|  22|0x0000000081600000, 0x0000000081700000, 0x0000000081700000|100%| O|  |TAMS 0x0000000081700000, 0x0000000081700000| Untracked 
|  23|0x0000000081700000, 0x0000000081800000, 0x0000000081800000|100%| O|  |TAMS 0x0000000081800000, 0x0000000081800000| Untracked 
|  24|0x0000000081800000, 0x0000000081900000, 0x0000000081900000|100%| O|  |TAMS 0x0000000081900000, 0x0000000081900000| Untracked 
|  25|0x0000000081900000, 0x0000000081a00000, 0x0000000081a00000|100%| O|  |TAMS 0x0000000081a00000, 0x0000000081a00000| Untracked 
|  26|0x0000000081a00000, 0x0000000081b00000, 0x0000000081b00000|100%| O|  |TAMS 0x0000000081b00000, 0x0000000081b00000| Untracked 
|  27|0x0000000081b00000, 0x0000000081c00000, 0x0000000081c00000|100%| O|  |TAMS 0x0000000081c00000, 0x0000000081c00000| Untracked 
|  28|0x0000000081c00000, 0x0000000081d00000, 0x0000000081d00000|100%| O|  |TAMS 0x0000000081d00000, 0x0000000081d00000| Untracked 
|  29|0x0000000081d00000, 0x0000000081e00000, 0x0000000081e00000|100%| O|  |TAMS 0x0000000081e00000, 0x0000000081e00000| Untracked 
|  30|0x0000000081e00000, 0x0000000081f00000, 0x0000000081f00000|100%| O|  |TAMS 0x0000000081f00000, 0x0000000081f00000| Untracked 
|  31|0x0000000081f00000, 0x0000000082000000, 0x0000000082000000|100%| O|  |TAMS 0x0000000082000000, 0x0000000082000000| Untracked 
|  32|0x0000000082000000, 0x0000000082100000, 0x0000000082100000|100%|HS|  |TAMS 0x0000000082100000, 0x0000000082100000| Complete 
|  33|0x0000000082100000, 0x0000000082200000, 0x0000000082200000|100%|HS|  |TAMS 0x0000000082200000, 0x0000000082200000| Complete 
|  34|0x0000000082200000, 0x0000000082300000, 0x0000000082300000|100%|HS|  |TAMS 0x0000000082300000, 0x0000000082300000| Complete 
|  35|0x0000000082300000, 0x0000000082400000, 0x0000000082400000|100%| O|  |TAMS 0x0000000082400000, 0x0000000082400000| Untracked 
|  36|0x0000000082400000, 0x0000000082500000, 0x0000000082500000|100%| O|  |TAMS 0x0000000082500000, 0x0000000082500000| Untracked 
|  37|0x0000000082500000, 0x0000000082600000, 0x0000000082600000|100%| O|  |TAMS 0x0000000082600000, 0x0000000082600000| Untracked 
|  38|0x0000000082600000, 0x0000000082700000, 0x0000000082700000|100%|HS|  |TAMS 0x0000000082700000, 0x0000000082700000| Complete 
|  39|0x0000000082700000, 0x0000000082800000, 0x0000000082800000|100%|HC|  |TAMS 0x0000000082800000, 0x0000000082800000| Complete 
|  40|0x0000000082800000, 0x0000000082900000, 0x0000000082900000|100%|HC|  |TAMS 0x0000000082900000, 0x0000000082900000| Complete 
|  41|0x0000000082900000, 0x0000000082a00000, 0x0000000082a00000|100%| O|  |TAMS 0x0000000082a00000, 0x0000000082a00000| Untracked 
|  42|0x0000000082a00000, 0x0000000082b00000, 0x0000000082b00000|100%| O|  |TAMS 0x0000000082b00000, 0x0000000082b00000| Untracked 
|  43|0x0000000082b00000, 0x0000000082c00000, 0x0000000082c00000|100%| O|  |TAMS 0x0000000082c00000, 0x0000000082c00000| Untracked 
|  44|0x0000000082c00000, 0x0000000082d00000, 0x0000000082d00000|100%|HS|  |TAMS 0x0000000082d00000, 0x0000000082d00000| Complete 
|  45|0x0000000082d00000, 0x0000000082e00000, 0x0000000082e00000|100%|HC|  |TAMS 0x0000000082e00000, 0x0000000082e00000| Complete 
|  46|0x0000000082e00000, 0x0000000082f00000, 0x0000000082f00000|100%| O|  |TAMS 0x0000000082f00000, 0x0000000082f00000| Untracked 
|  47|0x0000000082f00000, 0x0000000083000000, 0x0000000083000000|100%| O|  |TAMS 0x0000000083000000, 0x0000000083000000| Untracked 
|  48|0x0000000083000000, 0x0000000083100000, 0x0000000083100000|100%| O|  |TAMS 0x0000000083100000, 0x0000000083100000| Untracked 
|  49|0x0000000083100000, 0x0000000083200000, 0x0000000083200000|100%| O|  |TAMS 0x0000000083200000, 0x0000000083200000| Untracked 
|  50|0x0000000083200000, 0x0000000083300000, 0x0000000083300000|100%| O|  |TAMS 0x0000000083300000, 0x0000000083300000| Untracked 
|  51|0x0000000083300000, 0x0000000083400000, 0x0000000083400000|100%| O|  |TAMS 0x0000000083400000, 0x0000000083400000| Untracked 
|  52|0x0000000083400000, 0x0000000083500000, 0x0000000083500000|100%| O|  |TAMS 0x0000000083500000, 0x0000000083500000| Untracked 
|  53|0x0000000083500000, 0x0000000083600000, 0x0000000083600000|100%| O|  |TAMS 0x0000000083600000, 0x0000000083600000| Untracked 
|  54|0x0000000083600000, 0x0000000083700000, 0x0000000083700000|100%| O|  |TAMS 0x0000000083700000, 0x0000000083700000| Untracked 
|  55|0x0000000083700000, 0x0000000083800000, 0x0000000083800000|100%| O|  |TAMS 0x0000000083800000, 0x0000000083800000| Untracked 
|  56|0x0000000083800000, 0x0000000083900000, 0x0000000083900000|100%| O|  |TAMS 0x0000000083900000, 0x0000000083900000| Untracked 
|  57|0x0000000083900000, 0x0000000083a00000, 0x0000000083a00000|100%| O|  |TAMS 0x0000000083a00000, 0x0000000083a00000| Untracked 
|  58|0x0000000083a00000, 0x0000000083b00000, 0x0000000083b00000|100%| O|  |TAMS 0x0000000083b00000, 0x0000000083b00000| Untracked 
|  59|0x0000000083b00000, 0x0000000083c00000, 0x0000000083c00000|100%| O|  |TAMS 0x0000000083c00000, 0x0000000083c00000| Untracked 
|  60|0x0000000083c00000, 0x0000000083d00000, 0x0000000083d00000|100%| O|  |TAMS 0x0000000083d00000, 0x0000000083d00000| Untracked 
|  61|0x0000000083d00000, 0x0000000083e00000, 0x0000000083e00000|100%| O|  |TAMS 0x0000000083e00000, 0x0000000083e00000| Untracked 
|  62|0x0000000083e00000, 0x0000000083f00000, 0x0000000083f00000|100%| O|  |TAMS 0x0000000083f00000, 0x0000000083f00000| Untracked 
|  63|0x0000000083f00000, 0x0000000084000000, 0x0000000084000000|100%| O|  |TAMS 0x0000000084000000, 0x0000000084000000| Untracked 
|  64|0x0000000084000000, 0x0000000084100000, 0x0000000084100000|100%| O|  |TAMS 0x0000000084100000, 0x0000000084100000| Untracked 
|  65|0x0000000084100000, 0x0000000084200000, 0x0000000084200000|100%| O|  |TAMS 0x0000000084200000, 0x0000000084200000| Untracked 
|  66|0x0000000084200000, 0x0000000084300000, 0x0000000084300000|100%| O|  |TAMS 0x0000000084300000, 0x0000000084300000| Untracked 
|  67|0x0000000084300000, 0x0000000084400000, 0x0000000084400000|100%| O|  |TAMS 0x0000000084400000, 0x0000000084400000| Untracked 
|  68|0x0000000084400000, 0x0000000084500000, 0x0000000084500000|100%| O|  |TAMS 0x0000000084500000, 0x0000000084500000| Untracked 
|  69|0x0000000084500000, 0x0000000084600000, 0x0000000084600000|100%| O|  |TAMS 0x0000000084600000, 0x0000000084600000| Untracked 
|  70|0x0000000084600000, 0x0000000084700000, 0x0000000084700000|100%| O|  |TAMS 0x0000000084700000, 0x0000000084700000| Untracked 
|  71|0x0000000084700000, 0x0000000084800000, 0x0000000084800000|100%| O|  |TAMS 0x0000000084800000, 0x0000000084800000| Untracked 
|  72|0x0000000084800000, 0x0000000084900000, 0x0000000084900000|100%| O|  |TAMS 0x0000000084900000, 0x0000000084900000| Untracked 
|  73|0x0000000084900000, 0x0000000084a00000, 0x0000000084a00000|100%| O|  |TAMS 0x0000000084a00000, 0x0000000084a00000| Untracked 
|  74|0x0000000084a00000, 0x0000000084b00000, 0x0000000084b00000|100%| O|  |TAMS 0x0000000084b00000, 0x0000000084b00000| Untracked 
|  75|0x0000000084b00000, 0x0000000084c00000, 0x0000000084c00000|100%| O|  |TAMS 0x0000000084c00000, 0x0000000084c00000| Untracked 
|  76|0x0000000084c00000, 0x0000000084d00000, 0x0000000084d00000|100%| O|  |TAMS 0x0000000084d00000, 0x0000000084d00000| Untracked 
|  77|0x0000000084d00000, 0x0000000084e00000, 0x0000000084e00000|100%| O|  |TAMS 0x0000000084e00000, 0x0000000084e00000| Untracked 
|  78|0x0000000084e00000, 0x0000000084f00000, 0x0000000084f00000|100%| O|  |TAMS 0x0000000084f00000, 0x0000000084f00000| Untracked 
|  79|0x0000000084f00000, 0x0000000085000000, 0x0000000085000000|100%| O|  |TAMS 0x0000000085000000, 0x0000000085000000| Untracked 
|  80|0x0000000085000000, 0x0000000085100000, 0x0000000085100000|100%| O|  |TAMS 0x0000000085100000, 0x0000000085100000| Untracked 
|  81|0x0000000085100000, 0x0000000085200000, 0x0000000085200000|100%| O|  |TAMS 0x0000000085200000, 0x0000000085200000| Untracked 
|  82|0x0000000085200000, 0x0000000085300000, 0x0000000085300000|100%| O|  |TAMS 0x0000000085300000, 0x0000000085300000| Untracked 
|  83|0x0000000085300000, 0x0000000085400000, 0x0000000085400000|100%| O|  |TAMS 0x0000000085400000, 0x0000000085400000| Untracked 
|  84|0x0000000085400000, 0x0000000085500000, 0x0000000085500000|100%| O|  |TAMS 0x0000000085500000, 0x0000000085500000| Untracked 
|  85|0x0000000085500000, 0x0000000085600000, 0x0000000085600000|100%| O|  |TAMS 0x0000000085600000, 0x0000000085600000| Untracked 
|  86|0x0000000085600000, 0x0000000085700000, 0x0000000085700000|100%| O|  |TAMS 0x0000000085700000, 0x0000000085700000| Untracked 
|  87|0x0000000085700000, 0x0000000085800000, 0x0000000085800000|100%| O|  |TAMS 0x0000000085800000, 0x0000000085800000| Untracked 
|  88|0x0000000085800000, 0x0000000085900000, 0x0000000085900000|100%| O|  |TAMS 0x0000000085900000, 0x0000000085900000| Untracked 
|  89|0x0000000085900000, 0x0000000085a00000, 0x0000000085a00000|100%| O|  |TAMS 0x0000000085a00000, 0x0000000085a00000| Untracked 
|  90|0x0000000085a00000, 0x0000000085b00000, 0x0000000085b00000|100%| O|  |TAMS 0x0000000085b00000, 0x0000000085b00000| Untracked 
|  91|0x0000000085b00000, 0x0000000085c00000, 0x0000000085c00000|100%| O|  |TAMS 0x0000000085c00000, 0x0000000085c00000| Untracked 
|  92|0x0000000085c00000, 0x0000000085d00000, 0x0000000085d00000|100%| O|  |TAMS 0x0000000085d00000, 0x0000000085d00000| Untracked 
|  93|0x0000000085d00000, 0x0000000085e00000, 0x0000000085e00000|100%| O|  |TAMS 0x0000000085e00000, 0x0000000085e00000| Untracked 
|  94|0x0000000085e00000, 0x0000000085f00000, 0x0000000085f00000|100%| O|  |TAMS 0x0000000085f00000, 0x0000000085f00000| Untracked 
|  95|0x0000000085f00000, 0x0000000086000000, 0x0000000086000000|100%| O|  |TAMS 0x0000000086000000, 0x0000000086000000| Untracked 
|  96|0x0000000086000000, 0x0000000086100000, 0x0000000086100000|100%| O|  |TAMS 0x0000000086100000, 0x0000000086100000| Untracked 
|  97|0x0000000086100000, 0x0000000086200000, 0x0000000086200000|100%| O|  |TAMS 0x0000000086200000, 0x0000000086200000| Untracked 
|  98|0x0000000086200000, 0x0000000086300000, 0x0000000086300000|100%| O|  |TAMS 0x0000000086300000, 0x0000000086300000| Untracked 
|  99|0x0000000086300000, 0x0000000086400000, 0x0000000086400000|100%| O|  |TAMS 0x0000000086400000, 0x0000000086400000| Untracked 
| 100|0x0000000086400000, 0x0000000086500000, 0x0000000086500000|100%| O|  |TAMS 0x0000000086500000, 0x0000000086500000| Untracked 
| 101|0x0000000086500000, 0x0000000086600000, 0x0000000086600000|100%|HS|  |TAMS 0x0000000086600000, 0x0000000086600000| Complete 
| 102|0x0000000086600000, 0x0000000086700000, 0x0000000086700000|100%| O|  |TAMS 0x0000000086700000, 0x0000000086700000| Untracked 
| 103|0x0000000086700000, 0x0000000086800000, 0x0000000086800000|100%| O|  |TAMS 0x0000000086800000, 0x0000000086800000| Untracked 
| 104|0x0000000086800000, 0x0000000086900000, 0x0000000086900000|100%| O|  |TAMS 0x0000000086900000, 0x0000000086900000| Untracked 
| 105|0x0000000086900000, 0x0000000086a00000, 0x0000000086a00000|100%| O|  |TAMS 0x0000000086a00000, 0x0000000086a00000| Untracked 
| 106|0x0000000086a00000, 0x0000000086b00000, 0x0000000086b00000|100%| O|  |TAMS 0x0000000086b00000, 0x0000000086b00000| Untracked 
| 107|0x0000000086b00000, 0x0000000086c00000, 0x0000000086c00000|100%| O|  |TAMS 0x0000000086c00000, 0x0000000086c00000| Untracked 
| 108|0x0000000086c00000, 0x0000000086d00000, 0x0000000086d00000|100%| O|  |TAMS 0x0000000086d00000, 0x0000000086d00000| Untracked 
| 109|0x0000000086d00000, 0x0000000086e00000, 0x0000000086e00000|100%| O|  |TAMS 0x0000000086e00000, 0x0000000086e00000| Untracked 
| 110|0x0000000086e00000, 0x0000000086f00000, 0x0000000086f00000|100%| O|  |TAMS 0x0000000086f00000, 0x0000000086f00000| Untracked 
| 111|0x0000000086f00000, 0x0000000087000000, 0x0000000087000000|100%| O|  |TAMS 0x0000000087000000, 0x0000000087000000| Untracked 
| 112|0x0000000087000000, 0x0000000087100000, 0x0000000087100000|100%| O|  |TAMS 0x0000000087100000, 0x0000000087100000| Untracked 
| 113|0x0000000087100000, 0x0000000087200000, 0x0000000087200000|100%| O|  |TAMS 0x0000000087200000, 0x0000000087200000| Untracked 
| 114|0x0000000087200000, 0x0000000087300000, 0x0000000087300000|100%| O|  |TAMS 0x0000000087300000, 0x0000000087300000| Untracked 
| 115|0x0000000087300000, 0x0000000087400000, 0x0000000087400000|100%| O|  |TAMS 0x0000000087400000, 0x0000000087400000| Untracked 
| 116|0x0000000087400000, 0x0000000087500000, 0x0000000087500000|100%| O|  |TAMS 0x0000000087500000, 0x0000000087500000| Untracked 
| 117|0x0000000087500000, 0x0000000087600000, 0x0000000087600000|100%| O|  |TAMS 0x0000000087600000, 0x0000000087600000| Untracked 
| 118|0x0000000087600000, 0x0000000087700000, 0x0000000087700000|100%| O|  |TAMS 0x0000000087700000, 0x0000000087700000| Untracked 
| 119|0x0000000087700000, 0x0000000087800000, 0x0000000087800000|100%| O|  |TAMS 0x0000000087800000, 0x0000000087800000| Untracked 
| 120|0x0000000087800000, 0x0000000087900000, 0x0000000087900000|100%| O|  |TAMS 0x0000000087900000, 0x0000000087900000| Untracked 
| 121|0x0000000087900000, 0x0000000087a00000, 0x0000000087a00000|100%| O|  |TAMS 0x0000000087a00000, 0x0000000087a00000| Untracked 
| 122|0x0000000087a00000, 0x0000000087b00000, 0x0000000087b00000|100%| O|  |TAMS 0x0000000087b00000, 0x0000000087b00000| Untracked 
| 123|0x0000000087b00000, 0x0000000087c00000, 0x0000000087c00000|100%| O|  |TAMS 0x0000000087c00000, 0x0000000087c00000| Untracked 
| 124|0x0000000087c00000, 0x0000000087d00000, 0x0000000087d00000|100%| O|  |TAMS 0x0000000087d00000, 0x0000000087d00000| Untracked 
| 125|0x0000000087d00000, 0x0000000087e00000, 0x0000000087e00000|100%| O|  |TAMS 0x0000000087e00000, 0x0000000087e00000| Untracked 
| 126|0x0000000087e00000, 0x0000000087f00000, 0x0000000087f00000|100%| O|  |TAMS 0x0000000087f00000, 0x0000000087f00000| Untracked 
| 127|0x0000000087f00000, 0x0000000088000000, 0x0000000088000000|100%| O|  |TAMS 0x0000000088000000, 0x0000000088000000| Untracked 
| 128|0x0000000088000000, 0x0000000088100000, 0x0000000088100000|100%| O|  |TAMS 0x0000000088100000, 0x0000000088100000| Untracked 
| 129|0x0000000088100000, 0x0000000088200000, 0x0000000088200000|100%| O|  |TAMS 0x0000000088200000, 0x0000000088200000| Untracked 
| 130|0x0000000088200000, 0x0000000088300000, 0x0000000088300000|100%| O|  |TAMS 0x0000000088300000, 0x0000000088300000| Untracked 
| 131|0x0000000088300000, 0x0000000088400000, 0x0000000088400000|100%| O|  |TAMS 0x0000000088400000, 0x0000000088400000| Untracked 
| 132|0x0000000088400000, 0x0000000088500000, 0x0000000088500000|100%| O|  |TAMS 0x0000000088500000, 0x0000000088500000| Untracked 
| 133|0x0000000088500000, 0x0000000088600000, 0x0000000088600000|100%| O|  |TAMS 0x0000000088600000, 0x0000000088600000| Untracked 
| 134|0x0000000088600000, 0x0000000088700000, 0x0000000088700000|100%| O|  |TAMS 0x0000000088700000, 0x0000000088700000| Untracked 
| 135|0x0000000088700000, 0x0000000088800000, 0x0000000088800000|100%| O|  |TAMS 0x0000000088800000, 0x0000000088800000| Untracked 
| 136|0x0000000088800000, 0x0000000088900000, 0x0000000088900000|100%| O|  |TAMS 0x0000000088900000, 0x0000000088900000| Untracked 
| 137|0x0000000088900000, 0x0000000088a00000, 0x0000000088a00000|100%| O|  |TAMS 0x0000000088a00000, 0x0000000088a00000| Untracked 
| 138|0x0000000088a00000, 0x0000000088b00000, 0x0000000088b00000|100%| O|  |TAMS 0x0000000088b00000, 0x0000000088b00000| Untracked 
| 139|0x0000000088b00000, 0x0000000088c00000, 0x0000000088c00000|100%| O|  |TAMS 0x0000000088c00000, 0x0000000088c00000| Untracked 
| 140|0x0000000088c00000, 0x0000000088d00000, 0x0000000088d00000|100%| O|  |TAMS 0x0000000088d00000, 0x0000000088d00000| Untracked 
| 141|0x0000000088d00000, 0x0000000088e00000, 0x0000000088e00000|100%| O|  |TAMS 0x0000000088e00000, 0x0000000088e00000| Untracked 
| 142|0x0000000088e00000, 0x0000000088f00000, 0x0000000088f00000|100%| O|  |TAMS 0x0000000088f00000, 0x0000000088f00000| Untracked 
| 143|0x0000000088f00000, 0x0000000089000000, 0x0000000089000000|100%| O|  |TAMS 0x0000000089000000, 0x0000000089000000| Untracked 
| 144|0x0000000089000000, 0x0000000089100000, 0x0000000089100000|100%| O|  |TAMS 0x0000000089100000, 0x0000000089100000| Untracked 
| 145|0x0000000089100000, 0x0000000089200000, 0x0000000089200000|100%| O|  |TAMS 0x0000000089200000, 0x0000000089200000| Untracked 
| 146|0x0000000089200000, 0x0000000089300000, 0x0000000089300000|100%| O|  |TAMS 0x0000000089300000, 0x0000000089300000| Untracked 
| 147|0x0000000089300000, 0x0000000089400000, 0x0000000089400000|100%| O|  |TAMS 0x0000000089400000, 0x0000000089400000| Untracked 
| 148|0x0000000089400000, 0x0000000089500000, 0x0000000089500000|100%| O|  |TAMS 0x0000000089500000, 0x0000000089500000| Untracked 
| 149|0x0000000089500000, 0x0000000089600000, 0x0000000089600000|100%| O|  |TAMS 0x0000000089600000, 0x0000000089600000| Untracked 
| 150|0x0000000089600000, 0x0000000089700000, 0x0000000089700000|100%| O|  |TAMS 0x0000000089700000, 0x0000000089700000| Untracked 
| 151|0x0000000089700000, 0x0000000089800000, 0x0000000089800000|100%| O|  |TAMS 0x0000000089800000, 0x0000000089800000| Untracked 
| 152|0x0000000089800000, 0x0000000089900000, 0x0000000089900000|100%| O|  |TAMS 0x0000000089900000, 0x0000000089900000| Untracked 
| 153|0x0000000089900000, 0x0000000089a00000, 0x0000000089a00000|100%| O|  |TAMS 0x0000000089a00000, 0x0000000089a00000| Untracked 
| 154|0x0000000089a00000, 0x0000000089b00000, 0x0000000089b00000|100%| O|  |TAMS 0x0000000089b00000, 0x0000000089b00000| Untracked 
| 155|0x0000000089b00000, 0x0000000089c00000, 0x0000000089c00000|100%| O|  |TAMS 0x0000000089c00000, 0x0000000089c00000| Untracked 
| 156|0x0000000089c00000, 0x0000000089d00000, 0x0000000089d00000|100%| O|  |TAMS 0x0000000089d00000, 0x0000000089d00000| Untracked 
| 157|0x0000000089d00000, 0x0000000089e00000, 0x0000000089e00000|100%| O|  |TAMS 0x0000000089e00000, 0x0000000089e00000| Untracked 
| 158|0x0000000089e00000, 0x0000000089f00000, 0x0000000089f00000|100%| O|  |TAMS 0x0000000089f00000, 0x0000000089f00000| Untracked 
| 159|0x0000000089f00000, 0x000000008a000000, 0x000000008a000000|100%| O|  |TAMS 0x000000008a000000, 0x000000008a000000| Untracked 
| 160|0x000000008a000000, 0x000000008a059200, 0x000000008a100000| 34%| O|  |TAMS 0x000000008a059200, 0x000000008a059200| Untracked 
| 161|0x000000008a100000, 0x000000008a100000, 0x000000008a200000|  0%| F|  |TAMS 0x000000008a100000, 0x000000008a100000| Untracked 
| 162|0x000000008a200000, 0x000000008a200000, 0x000000008a300000|  0%| F|  |TAMS 0x000000008a200000, 0x000000008a200000| Untracked 
| 163|0x000000008a300000, 0x000000008a300000, 0x000000008a400000|  0%| F|  |TAMS 0x000000008a300000, 0x000000008a300000| Untracked 
| 164|0x000000008a400000, 0x000000008a400000, 0x000000008a500000|  0%| F|  |TAMS 0x000000008a400000, 0x000000008a400000| Untracked 
| 165|0x000000008a500000, 0x000000008a500000, 0x000000008a600000|  0%| F|  |TAMS 0x000000008a500000, 0x000000008a500000| Untracked 
| 166|0x000000008a600000, 0x000000008a600000, 0x000000008a700000|  0%| F|  |TAMS 0x000000008a600000, 0x000000008a600000| Untracked 
| 167|0x000000008a700000, 0x000000008a700000, 0x000000008a800000|  0%| F|  |TAMS 0x000000008a700000, 0x000000008a700000| Untracked 
| 168|0x000000008a800000, 0x000000008a800000, 0x000000008a900000|  0%| F|  |TAMS 0x000000008a800000, 0x000000008a800000| Untracked 
| 169|0x000000008a900000, 0x000000008a900000, 0x000000008aa00000|  0%| F|  |TAMS 0x000000008a900000, 0x000000008a900000| Untracked 
| 170|0x000000008aa00000, 0x000000008aa00000, 0x000000008ab00000|  0%| F|  |TAMS 0x000000008aa00000, 0x000000008aa00000| Untracked 
| 171|0x000000008ab00000, 0x000000008ab00000, 0x000000008ac00000|  0%| F|  |TAMS 0x000000008ab00000, 0x000000008ab00000| Untracked 
| 172|0x000000008ac00000, 0x000000008ac00000, 0x000000008ad00000|  0%| F|  |TAMS 0x000000008ac00000, 0x000000008ac00000| Untracked 
| 173|0x000000008ad00000, 0x000000008ad00000, 0x000000008ae00000|  0%| F|  |TAMS 0x000000008ad00000, 0x000000008ad00000| Untracked 
| 174|0x000000008ae00000, 0x000000008ae00000, 0x000000008af00000|  0%| F|  |TAMS 0x000000008ae00000, 0x000000008ae00000| Untracked 
| 175|0x000000008af00000, 0x000000008af00000, 0x000000008b000000|  0%| F|  |TAMS 0x000000008af00000, 0x000000008af00000| Untracked 
| 176|0x000000008b000000, 0x000000008b000000, 0x000000008b100000|  0%| F|  |TAMS 0x000000008b000000, 0x000000008b000000| Untracked 
| 177|0x000000008b100000, 0x000000008b100000, 0x000000008b200000|  0%| F|  |TAMS 0x000000008b100000, 0x000000008b100000| Untracked 
| 178|0x000000008b200000, 0x000000008b200000, 0x000000008b300000|  0%| F|  |TAMS 0x000000008b200000, 0x000000008b200000| Untracked 
| 179|0x000000008b300000, 0x000000008b300000, 0x000000008b400000|  0%| F|  |TAMS 0x000000008b300000, 0x000000008b300000| Untracked 
| 180|0x000000008b400000, 0x000000008b400000, 0x000000008b500000|  0%| F|  |TAMS 0x000000008b400000, 0x000000008b400000| Untracked 
| 181|0x000000008b500000, 0x000000008b500000, 0x000000008b600000|  0%| F|  |TAMS 0x000000008b500000, 0x000000008b500000| Untracked 
| 182|0x000000008b600000, 0x000000008b600000, 0x000000008b700000|  0%| F|  |TAMS 0x000000008b600000, 0x000000008b600000| Untracked 
| 183|0x000000008b700000, 0x000000008b700000, 0x000000008b800000|  0%| F|  |TAMS 0x000000008b700000, 0x000000008b700000| Untracked 
| 184|0x000000008b800000, 0x000000008b800000, 0x000000008b900000|  0%| F|  |TAMS 0x000000008b800000, 0x000000008b800000| Untracked 
| 185|0x000000008b900000, 0x000000008b900000, 0x000000008ba00000|  0%| F|  |TAMS 0x000000008b900000, 0x000000008b900000| Untracked 
| 186|0x000000008ba00000, 0x000000008ba00000, 0x000000008bb00000|  0%| F|  |TAMS 0x000000008ba00000, 0x000000008ba00000| Untracked 
| 187|0x000000008bb00000, 0x000000008bb00000, 0x000000008bc00000|  0%| F|  |TAMS 0x000000008bb00000, 0x000000008bb00000| Untracked 
| 188|0x000000008bc00000, 0x000000008bc00000, 0x000000008bd00000|  0%| F|  |TAMS 0x000000008bc00000, 0x000000008bc00000| Untracked 
| 189|0x000000008bd00000, 0x000000008bd00000, 0x000000008be00000|  0%| F|  |TAMS 0x000000008bd00000, 0x000000008bd00000| Untracked 
| 190|0x000000008be00000, 0x000000008be00000, 0x000000008bf00000|  0%| F|  |TAMS 0x000000008be00000, 0x000000008be00000| Untracked 
| 191|0x000000008bf00000, 0x000000008bf00000, 0x000000008c000000|  0%| F|  |TAMS 0x000000008bf00000, 0x000000008bf00000| Untracked 
| 192|0x000000008c000000, 0x000000008c000000, 0x000000008c100000|  0%| F|  |TAMS 0x000000008c000000, 0x000000008c000000| Untracked 
| 193|0x000000008c100000, 0x000000008c100000, 0x000000008c200000|  0%| F|  |TAMS 0x000000008c100000, 0x000000008c100000| Untracked 
| 194|0x000000008c200000, 0x000000008c200000, 0x000000008c300000|  0%| F|  |TAMS 0x000000008c200000, 0x000000008c200000| Untracked 
| 195|0x000000008c300000, 0x000000008c300000, 0x000000008c400000|  0%| F|  |TAMS 0x000000008c300000, 0x000000008c300000| Untracked 
| 196|0x000000008c400000, 0x000000008c400000, 0x000000008c500000|  0%| F|  |TAMS 0x000000008c400000, 0x000000008c400000| Untracked 
| 197|0x000000008c500000, 0x000000008c500000, 0x000000008c600000|  0%| F|  |TAMS 0x000000008c500000, 0x000000008c500000| Untracked 
| 198|0x000000008c600000, 0x000000008c600000, 0x000000008c700000|  0%| F|  |TAMS 0x000000008c600000, 0x000000008c600000| Untracked 
| 199|0x000000008c700000, 0x000000008c700000, 0x000000008c800000|  0%| F|  |TAMS 0x000000008c700000, 0x000000008c700000| Untracked 
| 200|0x000000008c800000, 0x000000008c800000, 0x000000008c900000|  0%| F|  |TAMS 0x000000008c800000, 0x000000008c800000| Untracked 
| 201|0x000000008c900000, 0x000000008c900000, 0x000000008ca00000|  0%| F|  |TAMS 0x000000008c900000, 0x000000008c900000| Untracked 
| 202|0x000000008ca00000, 0x000000008ca00000, 0x000000008cb00000|  0%| F|  |TAMS 0x000000008ca00000, 0x000000008ca00000| Untracked 
| 203|0x000000008cb00000, 0x000000008cb00000, 0x000000008cc00000|  0%| F|  |TAMS 0x000000008cb00000, 0x000000008cb00000| Untracked 
| 204|0x000000008cc00000, 0x000000008cc00000, 0x000000008cd00000|  0%| F|  |TAMS 0x000000008cc00000, 0x000000008cc00000| Untracked 
| 205|0x000000008cd00000, 0x000000008cd00000, 0x000000008ce00000|  0%| F|  |TAMS 0x000000008cd00000, 0x000000008cd00000| Untracked 
| 206|0x000000008ce00000, 0x000000008ce00000, 0x000000008cf00000|  0%| F|  |TAMS 0x000000008ce00000, 0x000000008ce00000| Untracked 
| 207|0x000000008cf00000, 0x000000008cf00000, 0x000000008d000000|  0%| F|  |TAMS 0x000000008cf00000, 0x000000008cf00000| Untracked 
| 208|0x000000008d000000, 0x000000008d000000, 0x000000008d100000|  0%| F|  |TAMS 0x000000008d000000, 0x000000008d000000| Untracked 
| 209|0x000000008d100000, 0x000000008d100000, 0x000000008d200000|  0%| F|  |TAMS 0x000000008d100000, 0x000000008d100000| Untracked 
| 210|0x000000008d200000, 0x000000008d200000, 0x000000008d300000|  0%| F|  |TAMS 0x000000008d200000, 0x000000008d200000| Untracked 
| 211|0x000000008d300000, 0x000000008d300000, 0x000000008d400000|  0%| F|  |TAMS 0x000000008d300000, 0x000000008d300000| Untracked 
| 212|0x000000008d400000, 0x000000008d400000, 0x000000008d500000|  0%| F|  |TAMS 0x000000008d400000, 0x000000008d400000| Untracked 
| 213|0x000000008d500000, 0x000000008d500000, 0x000000008d600000|  0%| F|  |TAMS 0x000000008d500000, 0x000000008d500000| Untracked 
| 214|0x000000008d600000, 0x000000008d600000, 0x000000008d700000|  0%| F|  |TAMS 0x000000008d600000, 0x000000008d600000| Untracked 
| 215|0x000000008d700000, 0x000000008d700000, 0x000000008d800000|  0%| F|  |TAMS 0x000000008d700000, 0x000000008d700000| Untracked 
| 216|0x000000008d800000, 0x000000008d800000, 0x000000008d900000|  0%| F|  |TAMS 0x000000008d800000, 0x000000008d800000| Untracked 
| 217|0x000000008d900000, 0x000000008d900000, 0x000000008da00000|  0%| F|  |TAMS 0x000000008d900000, 0x000000008d900000| Untracked 
| 218|0x000000008da00000, 0x000000008da00000, 0x000000008db00000|  0%| F|  |TAMS 0x000000008da00000, 0x000000008da00000| Untracked 
| 219|0x000000008db00000, 0x000000008db00000, 0x000000008dc00000|  0%| F|  |TAMS 0x000000008db00000, 0x000000008db00000| Untracked 
| 220|0x000000008dc00000, 0x000000008dc00000, 0x000000008dd00000|  0%| F|  |TAMS 0x000000008dc00000, 0x000000008dc00000| Untracked 
| 221|0x000000008dd00000, 0x000000008dd00000, 0x000000008de00000|  0%| F|  |TAMS 0x000000008dd00000, 0x000000008dd00000| Untracked 
| 222|0x000000008de00000, 0x000000008de00000, 0x000000008df00000|  0%| F|  |TAMS 0x000000008de00000, 0x000000008de00000| Untracked 
| 223|0x000000008df00000, 0x000000008dfa6ee0, 0x000000008e000000| 65%| S|CS|TAMS 0x000000008df00000, 0x000000008df00000| Complete 
| 224|0x000000008e000000, 0x000000008e100000, 0x000000008e100000|100%| S|CS|TAMS 0x000000008e000000, 0x000000008e000000| Complete 
| 225|0x000000008e100000, 0x000000008e100000, 0x000000008e200000|  0%| F|  |TAMS 0x000000008e100000, 0x000000008e100000| Untracked 
| 226|0x000000008e200000, 0x000000008e200000, 0x000000008e300000|  0%| F|  |TAMS 0x000000008e200000, 0x000000008e200000| Untracked 
| 227|0x000000008e300000, 0x000000008e300000, 0x000000008e400000|  0%| F|  |TAMS 0x000000008e300000, 0x000000008e300000| Untracked 
| 228|0x000000008e400000, 0x000000008e400000, 0x000000008e500000|  0%| F|  |TAMS 0x000000008e400000, 0x000000008e400000| Untracked 
| 229|0x000000008e500000, 0x000000008e500000, 0x000000008e600000|  0%| F|  |TAMS 0x000000008e500000, 0x000000008e500000| Untracked 
| 230|0x000000008e600000, 0x000000008e600000, 0x000000008e700000|  0%| F|  |TAMS 0x000000008e600000, 0x000000008e600000| Untracked 
| 231|0x000000008e700000, 0x000000008e700000, 0x000000008e800000|  0%| F|  |TAMS 0x000000008e700000, 0x000000008e700000| Untracked 
| 232|0x000000008e800000, 0x000000008e800000, 0x000000008e900000|  0%| F|  |TAMS 0x000000008e800000, 0x000000008e800000| Untracked 
| 233|0x000000008e900000, 0x000000008e900000, 0x000000008ea00000|  0%| F|  |TAMS 0x000000008e900000, 0x000000008e900000| Untracked 
| 234|0x000000008ea00000, 0x000000008ea00000, 0x000000008eb00000|  0%| F|  |TAMS 0x000000008ea00000, 0x000000008ea00000| Untracked 
| 235|0x000000008eb00000, 0x000000008eb00000, 0x000000008ec00000|  0%| F|  |TAMS 0x000000008eb00000, 0x000000008eb00000| Untracked 
| 236|0x000000008ec00000, 0x000000008ec00000, 0x000000008ed00000|  0%| F|  |TAMS 0x000000008ec00000, 0x000000008ec00000| Untracked 
| 237|0x000000008ed00000, 0x000000008ed00000, 0x000000008ee00000|  0%| F|  |TAMS 0x000000008ed00000, 0x000000008ed00000| Untracked 
| 238|0x000000008ee00000, 0x000000008ee00000, 0x000000008ef00000|  0%| F|  |TAMS 0x000000008ee00000, 0x000000008ee00000| Untracked 
| 239|0x000000008ef00000, 0x000000008ef00000, 0x000000008f000000|  0%| F|  |TAMS 0x000000008ef00000, 0x000000008ef00000| Untracked 
| 240|0x000000008f000000, 0x000000008f000000, 0x000000008f100000|  0%| F|  |TAMS 0x000000008f000000, 0x000000008f000000| Untracked 
| 241|0x000000008f100000, 0x000000008f100000, 0x000000008f200000|  0%| F|  |TAMS 0x000000008f100000, 0x000000008f100000| Untracked 
| 242|0x000000008f200000, 0x000000008f200000, 0x000000008f300000|  0%| F|  |TAMS 0x000000008f200000, 0x000000008f200000| Untracked 
| 243|0x000000008f300000, 0x000000008f300000, 0x000000008f400000|  0%| F|  |TAMS 0x000000008f300000, 0x000000008f300000| Untracked 
| 244|0x000000008f400000, 0x000000008f400000, 0x000000008f500000|  0%| F|  |TAMS 0x000000008f400000, 0x000000008f400000| Untracked 
| 245|0x000000008f500000, 0x000000008f500000, 0x000000008f600000|  0%| F|  |TAMS 0x000000008f500000, 0x000000008f500000| Untracked 
| 246|0x000000008f600000, 0x000000008f600000, 0x000000008f700000|  0%| F|  |TAMS 0x000000008f600000, 0x000000008f600000| Untracked 
| 247|0x000000008f700000, 0x000000008f700000, 0x000000008f800000|  0%| F|  |TAMS 0x000000008f700000, 0x000000008f700000| Untracked 
| 248|0x000000008f800000, 0x000000008f800000, 0x000000008f900000|  0%| F|  |TAMS 0x000000008f800000, 0x000000008f800000| Untracked 
| 249|0x000000008f900000, 0x000000008f900000, 0x000000008fa00000|  0%| F|  |TAMS 0x000000008f900000, 0x000000008f900000| Untracked 
| 250|0x000000008fa00000, 0x000000008fa00000, 0x000000008fb00000|  0%| F|  |TAMS 0x000000008fa00000, 0x000000008fa00000| Untracked 
| 251|0x000000008fb00000, 0x000000008fb00000, 0x000000008fc00000|  0%| F|  |TAMS 0x000000008fb00000, 0x000000008fb00000| Untracked 
| 252|0x000000008fc00000, 0x000000008fc00000, 0x000000008fd00000|  0%| F|  |TAMS 0x000000008fc00000, 0x000000008fc00000| Untracked 
| 253|0x000000008fd00000, 0x000000008fd00000, 0x000000008fe00000|  0%| F|  |TAMS 0x000000008fd00000, 0x000000008fd00000| Untracked 
| 254|0x000000008fe00000, 0x000000008fe00000, 0x000000008ff00000|  0%| F|  |TAMS 0x000000008fe00000, 0x000000008fe00000| Untracked 
| 255|0x000000008ff00000, 0x000000008ff00000, 0x0000000090000000|  0%| F|  |TAMS 0x000000008ff00000, 0x000000008ff00000| Untracked 
| 256|0x0000000090000000, 0x0000000090000000, 0x0000000090100000|  0%| F|  |TAMS 0x0000000090000000, 0x0000000090000000| Untracked 
| 257|0x0000000090100000, 0x0000000090100000, 0x0000000090200000|  0%| F|  |TAMS 0x0000000090100000, 0x0000000090100000| Untracked 
| 258|0x0000000090200000, 0x0000000090200000, 0x0000000090300000|  0%| F|  |TAMS 0x0000000090200000, 0x0000000090200000| Untracked 
| 259|0x0000000090300000, 0x0000000090300000, 0x0000000090400000|  0%| F|  |TAMS 0x0000000090300000, 0x0000000090300000| Untracked 
| 260|0x0000000090400000, 0x0000000090400000, 0x0000000090500000|  0%| F|  |TAMS 0x0000000090400000, 0x0000000090400000| Untracked 
| 261|0x0000000090500000, 0x0000000090500000, 0x0000000090600000|  0%| F|  |TAMS 0x0000000090500000, 0x0000000090500000| Untracked 
| 262|0x0000000090600000, 0x0000000090600000, 0x0000000090700000|  0%| F|  |TAMS 0x0000000090600000, 0x0000000090600000| Untracked 
| 263|0x0000000090700000, 0x0000000090700000, 0x0000000090800000|  0%| F|  |TAMS 0x0000000090700000, 0x0000000090700000| Untracked 
| 264|0x0000000090800000, 0x0000000090800000, 0x0000000090900000|  0%| F|  |TAMS 0x0000000090800000, 0x0000000090800000| Untracked 
| 265|0x0000000090900000, 0x0000000090900000, 0x0000000090a00000|  0%| F|  |TAMS 0x0000000090900000, 0x0000000090900000| Untracked 
| 266|0x0000000090a00000, 0x0000000090a00000, 0x0000000090b00000|  0%| F|  |TAMS 0x0000000090a00000, 0x0000000090a00000| Untracked 
| 267|0x0000000090b00000, 0x0000000090b00000, 0x0000000090c00000|  0%| F|  |TAMS 0x0000000090b00000, 0x0000000090b00000| Untracked 
| 268|0x0000000090c00000, 0x0000000090c00000, 0x0000000090d00000|  0%| F|  |TAMS 0x0000000090c00000, 0x0000000090c00000| Untracked 
| 269|0x0000000090d00000, 0x0000000090d00000, 0x0000000090e00000|  0%| F|  |TAMS 0x0000000090d00000, 0x0000000090d00000| Untracked 
| 270|0x0000000090e00000, 0x0000000090e00000, 0x0000000090f00000|  0%| F|  |TAMS 0x0000000090e00000, 0x0000000090e00000| Untracked 
| 271|0x0000000090f00000, 0x0000000090f00000, 0x0000000091000000|  0%| F|  |TAMS 0x0000000090f00000, 0x0000000090f00000| Untracked 
| 272|0x0000000091000000, 0x0000000091000000, 0x0000000091100000|  0%| F|  |TAMS 0x0000000091000000, 0x0000000091000000| Untracked 
| 273|0x0000000091100000, 0x0000000091100000, 0x0000000091200000|  0%| F|  |TAMS 0x0000000091100000, 0x0000000091100000| Untracked 
| 274|0x0000000091200000, 0x0000000091200000, 0x0000000091300000|  0%| F|  |TAMS 0x0000000091200000, 0x0000000091200000| Untracked 
| 275|0x0000000091300000, 0x0000000091300000, 0x0000000091400000|  0%| F|  |TAMS 0x0000000091300000, 0x0000000091300000| Untracked 
| 276|0x0000000091400000, 0x0000000091400000, 0x0000000091500000|  0%| F|  |TAMS 0x0000000091400000, 0x0000000091400000| Untracked 
| 277|0x0000000091500000, 0x0000000091500000, 0x0000000091600000|  0%| F|  |TAMS 0x0000000091500000, 0x0000000091500000| Untracked 
| 278|0x0000000091600000, 0x0000000091600000, 0x0000000091700000|  0%| F|  |TAMS 0x0000000091600000, 0x0000000091600000| Untracked 
| 279|0x0000000091700000, 0x0000000091700000, 0x0000000091800000|  0%| F|  |TAMS 0x0000000091700000, 0x0000000091700000| Untracked 
| 280|0x0000000091800000, 0x0000000091800000, 0x0000000091900000|  0%| F|  |TAMS 0x0000000091800000, 0x0000000091800000| Untracked 
| 281|0x0000000091900000, 0x0000000091900000, 0x0000000091a00000|  0%| F|  |TAMS 0x0000000091900000, 0x0000000091900000| Untracked 
| 282|0x0000000091a00000, 0x0000000091a00000, 0x0000000091b00000|  0%| F|  |TAMS 0x0000000091a00000, 0x0000000091a00000| Untracked 
| 283|0x0000000091b00000, 0x0000000091b00000, 0x0000000091c00000|  0%| F|  |TAMS 0x0000000091b00000, 0x0000000091b00000| Untracked 
| 284|0x0000000091c00000, 0x0000000091c00000, 0x0000000091d00000|  0%| F|  |TAMS 0x0000000091c00000, 0x0000000091c00000| Untracked 
| 285|0x0000000091d00000, 0x0000000091d00000, 0x0000000091e00000|  0%| F|  |TAMS 0x0000000091d00000, 0x0000000091d00000| Untracked 
| 286|0x0000000091e00000, 0x0000000091e00000, 0x0000000091f00000|  0%| F|  |TAMS 0x0000000091e00000, 0x0000000091e00000| Untracked 
| 287|0x0000000091f00000, 0x0000000091f00000, 0x0000000092000000|  0%| F|  |TAMS 0x0000000091f00000, 0x0000000091f00000| Untracked 
| 288|0x0000000092000000, 0x0000000092000000, 0x0000000092100000|  0%| F|  |TAMS 0x0000000092000000, 0x0000000092000000| Untracked 
| 289|0x0000000092100000, 0x0000000092100000, 0x0000000092200000|  0%| F|  |TAMS 0x0000000092100000, 0x0000000092100000| Untracked 
| 290|0x0000000092200000, 0x0000000092200000, 0x0000000092300000|  0%| F|  |TAMS 0x0000000092200000, 0x0000000092200000| Untracked 

Card table byte_map: [0x000001e7b3010000,0x000001e7b3410000] _byte_map_base: 0x000001e7b2c10000

Marking Bits (Prev, Next): (CMBitMap*) 0x000001e79fb1e468, (CMBitMap*) 0x000001e79fb1e4a0
 Prev Bits: [0x000001e7b3810000, 0x000001e7b5810000)
 Next Bits: [0x000001e7b5810000, 0x000001e7b7810000)

Polling page: 0x000001e79e1f0000

Metaspace:

Usage:
  Non-class:     95.40 MB capacity,    93.71 MB ( 98%) used,     1.34 MB (  1%) free+waste,   362.44 KB ( <1%) overhead. 
      Class:     14.91 MB capacity,    13.81 MB ( 93%) used,   957.52 KB (  6%) free+waste,   161.50 KB (  1%) overhead. 
       Both:    110.31 MB capacity,   107.52 MB ( 97%) used,     2.27 MB (  2%) free+waste,   523.94 KB ( <1%) overhead. 

Virtual space:
  Non-class space:       96.00 MB reserved,      95.62 MB (>99%) committed 
      Class space:        1.00 GB reserved,      15.07 MB (  1%) committed 
             Both:        1.09 GB reserved,     110.70 MB ( 10%) committed 

Chunk freelists:
   Non-Class:  160.00 KB
       Class:  160.00 KB
        Both:  320.00 KB

MaxMetaspaceSize: 17179869184.00 GB
CompressedClassSpaceSize: 1.00 GB
Initial GC threshold: 20.80 MB
Current GC threshold: 183.24 MB
CDS: off

CodeHeap 'non-profiled nmethods': size=120064Kb used=7098Kb max_used=7098Kb free=112965Kb
 bounds [0x000001e7ab0b0000, 0x000001e7ab7a0000, 0x000001e7b25f0000]
CodeHeap 'profiled nmethods': size=120000Kb used=37757Kb max_used=37757Kb free=82242Kb
 bounds [0x000001e7a3b80000, 0x000001e7a6060000, 0x000001e7ab0b0000]
CodeHeap 'non-nmethods': size=5696Kb used=2416Kb max_used=2487Kb free=3279Kb
 bounds [0x000001e7a35f0000, 0x000001e7a3880000, 0x000001e7a3b80000]
 total_blobs=17094 nmethods=16150 adapters=855
 compilation: enabled
              stopped_count=0, restarted_count=0
 full_count=0

Compilation events (20 events):
Event: 44.646 Thread 0x000001e7b9e95000 nmethod 16406 0x000001e7a603c390 code [0x000001e7a603c540, 0x000001e7a603c6a8]
Event: 44.646 Thread 0x000001e7b9e95000 16407       2       com.android.tools.r8.internal.ID::l0 (2 bytes)
Event: 44.646 Thread 0x000001e7b9e95000 nmethod 16407 0x000001e7a603c790 code [0x000001e7a603c940, 0x000001e7a603ca38]
Event: 44.649 Thread 0x000001e7b9e95000 16408       2       com.android.tools.r8.graph.U$b::<init> (40 bytes)
Event: 44.649 Thread 0x000001e7b9e95000 nmethod 16408 0x000001e7a603cb10 code [0x000001e7a603ccc0, 0x000001e7a603cdb8]
Event: 44.649 Thread 0x000001e7b9e95000 16409       2       com.android.tools.r8.graph.w0$$Lambda$1646/0x0000000100e50c40::apply (15 bytes)
Event: 44.649 Thread 0x000001e7b9e95000 nmethod 16409 0x000001e7a603ce90 code [0x000001e7a603d040, 0x000001e7a603d1e8]
Event: 44.650 Thread 0x000001e7b9e95000 16410       2       com.android.tools.r8.internal.ul::a (16 bytes)
Event: 44.650 Thread 0x000001e7b9e95000 nmethod 16410 0x000001e7a603d310 code [0x000001e7a603d4c0, 0x000001e7a603d608]
Event: 44.650 Thread 0x000001e7b9e95000 16411       2       com.android.tools.r8.internal.T6::a (34 bytes)
Event: 44.720 Thread 0x000001e7b9e95000 nmethod 16411 0x000001e7a603d690 code [0x000001e7a603d860, 0x000001e7a603daa8]
Event: 44.720 Thread 0x000001e7b9e95000 16430       3       com.android.tools.r8.internal.tJ::a (256 bytes)
Event: 44.722 Thread 0x000001e7b9e95000 nmethod 16430 0x000001e7a603dc90 code [0x000001e7a603e2c0, 0x000001e7a6041ff8]
Event: 44.722 Thread 0x000001e7b9e95000 16435       3       java.util.AbstractCollection::removeAll (49 bytes)
Event: 44.722 Thread 0x000001e7b9e95000 nmethod 16435 0x000001e7a6043310 code [0x000001e7a6043540, 0x000001e7a6043cb8]
Event: 44.722 Thread 0x000001e7b9e95000 16415 %     3       com.android.tools.r8.internal.nf::a @ 433 (1398 bytes)
Event: 44.735 Thread 0x000001e7b9e95000 nmethod 16415% 0x000001e7a6043f10 code [0x000001e7a6045440, 0x000001e7a6055808]
Event: 44.735 Thread 0x000001e7b9e95000 16419       3       com.android.tools.r8.internal.g8::a (372 bytes)
Event: 44.737 Thread 0x000001e7b9e95000 nmethod 16419 0x000001e7a605b790 code [0x000001e7a605bca0, 0x000001e7a605ea18]
Event: 44.737 Thread 0x000001e7b9e95000 16424       3       com.android.tools.r8.internal.sJ::a (1305 bytes)

GC Heap History (20 events):
Event: 41.646 GC heap after
{Heap after GC invocations=69 (full 0):
 garbage-first heap   total 199680K, used 133649K [0x0000000080000000, 0x0000000100000000)
  region size 1024K, 2 young (2048K), 2 survivors (2048K)
 Metaspace       used 101692K, capacity 104052K, committed 104264K, reserved 1140736K
  class space    used 13041K, capacity 13916K, committed 14028K, reserved 1048576K
}
Event: 41.752 GC heap before
{Heap before GC invocations=69 (full 0):
 garbage-first heap   total 199680K, used 162321K [0x0000000080000000, 0x0000000100000000)
  region size 1024K, 31 young (31744K), 2 survivors (2048K)
 Metaspace       used 103111K, capacity 105671K, committed 105928K, reserved 1140736K
  class space    used 13281K, capacity 14302K, committed 14412K, reserved 1048576K
}
Event: 41.760 GC heap after
{Heap after GC invocations=70 (full 0):
 garbage-first heap   total 199680K, used 138026K [0x0000000080000000, 0x0000000100000000)
  region size 1024K, 4 young (4096K), 4 survivors (4096K)
 Metaspace       used 103111K, capacity 105671K, committed 105928K, reserved 1140736K
  class space    used 13281K, capacity 14302K, committed 14412K, reserved 1048576K
}
Event: 41.811 GC heap before
{Heap before GC invocations=70 (full 0):
 garbage-first heap   total 199680K, used 165674K [0x0000000080000000, 0x0000000100000000)
  region size 1024K, 31 young (31744K), 4 survivors (4096K)
 Metaspace       used 103170K, capacity 105764K, committed 105928K, reserved 1140736K
  class space    used 13288K, capacity 14309K, committed 14412K, reserved 1048576K
}
Event: 41.819 GC heap after
{Heap after GC invocations=71 (full 0):
 garbage-first heap   total 199680K, used 142951K [0x0000000080000000, 0x0000000100000000)
  region size 1024K, 4 young (4096K), 4 survivors (4096K)
 Metaspace       used 103170K, capacity 105764K, committed 105928K, reserved 1140736K
  class space    used 13288K, capacity 14309K, committed 14412K, reserved 1048576K
}
Event: 41.859 GC heap before
{Heap before GC invocations=71 (full 0):
 garbage-first heap   total 199680K, used 167527K [0x0000000080000000, 0x0000000100000000)
  region size 1024K, 28 young (28672K), 4 survivors (4096K)
 Metaspace       used 103246K, capacity 105840K, committed 106184K, reserved 1140736K
  class space    used 13301K, capacity 14313K, committed 14412K, reserved 1048576K
}
Event: 41.867 GC heap after
{Heap after GC invocations=72 (full 0):
 garbage-first heap   total 199680K, used 147456K [0x0000000080000000, 0x0000000100000000)
  region size 1024K, 4 young (4096K), 4 survivors (4096K)
 Metaspace       used 103246K, capacity 105840K, committed 106184K, reserved 1140736K
  class space    used 13301K, capacity 14313K, committed 14412K, reserved 1048576K
}
Event: 41.899 GC heap before
{Heap before GC invocations=72 (full 0):
 garbage-first heap   total 199680K, used 167936K [0x0000000080000000, 0x0000000100000000)
  region size 1024K, 25 young (25600K), 4 survivors (4096K)
 Metaspace       used 103263K, capacity 105849K, committed 106184K, reserved 1140736K
  class space    used 13304K, capacity 14316K, committed 14412K, reserved 1048576K
}
Event: 41.906 GC heap after
{Heap after GC invocations=73 (full 0):
 garbage-first heap   total 199680K, used 151765K [0x0000000080000000, 0x0000000100000000)
  region size 1024K, 4 young (4096K), 4 survivors (4096K)
 Metaspace       used 103263K, capacity 105849K, committed 106184K, reserved 1140736K
  class space    used 13304K, capacity 14316K, committed 14412K, reserved 1048576K
}
Event: 42.033 GC heap before
{Heap before GC invocations=73 (full 0):
 garbage-first heap   total 199680K, used 169173K [0x0000000080000000, 0x0000000100000000)
  region size 1024K, 22 young (22528K), 4 survivors (4096K)
 Metaspace       used 104171K, capacity 106786K, committed 106824K, reserved 1142784K
  class space    used 13467K, capacity 14502K, committed 14540K, reserved 1048576K
}
Event: 42.042 GC heap after
{Heap after GC invocations=74 (full 0):
 garbage-first heap   total 199680K, used 154611K [0x0000000080000000, 0x0000000100000000)
  region size 1024K, 3 young (3072K), 3 survivors (3072K)
 Metaspace       used 104171K, capacity 106786K, committed 106824K, reserved 1142784K
  class space    used 13467K, capacity 14502K, committed 14540K, reserved 1048576K
}
Event: 42.089 GC heap before
{Heap before GC invocations=74 (full 0):
 garbage-first heap   total 199680K, used 170995K [0x0000000080000000, 0x0000000100000000)
  region size 1024K, 19 young (19456K), 3 survivors (3072K)
 Metaspace       used 104310K, capacity 106883K, committed 107208K, reserved 1142784K
  class space    used 13502K, capacity 14534K, committed 14668K, reserved 1048576K
}
Event: 42.110 GC heap after
{Heap after GC invocations=75 (full 0):
 garbage-first heap   total 297984K, used 158252K [0x0000000080000000, 0x0000000100000000)
  region size 1024K, 3 young (3072K), 3 survivors (3072K)
 Metaspace       used 104310K, capacity 106883K, committed 107208K, reserved 1142784K
  class space    used 13502K, capacity 14534K, committed 14668K, reserved 1048576K
}
Event: 42.551 GC heap before
{Heap before GC invocations=76 (full 0):
 garbage-first heap   total 297984K, used 218668K [0x0000000080000000, 0x0000000100000000)
  region size 1024K, 62 young (63488K), 3 survivors (3072K)
 Metaspace       used 107565K, capacity 110276K, committed 110408K, reserved 1144832K
  class space    used 13950K, capacity 15038K, committed 15052K, reserved 1048576K
}
Event: 42.584 GC heap after
{Heap after GC invocations=77 (full 0):
 garbage-first heap   total 297984K, used 164172K [0x0000000080000000, 0x0000000100000000)
  region size 1024K, 8 young (8192K), 8 survivors (8192K)
 Metaspace       used 107565K, capacity 110276K, committed 110408K, reserved 1144832K
  class space    used 13950K, capacity 15038K, committed 15052K, reserved 1048576K
}
Event: 42.839 GC heap before
{Heap before GC invocations=77 (full 0):
 garbage-first heap   total 297984K, used 223564K [0x0000000080000000, 0x0000000100000000)
  region size 1024K, 67 young (68608K), 8 survivors (8192K)
 Metaspace       used 108931K, capacity 111880K, committed 111944K, reserved 1146880K
  class space    used 14132K, capacity 15300K, committed 15308K, reserved 1048576K
}
Event: 42.864 GC heap after
{Heap after GC invocations=78 (full 0):
 garbage-first heap   total 297984K, used 165566K [0x0000000080000000, 0x0000000100000000)
  region size 1024K, 2 young (2048K), 2 survivors (2048K)
 Metaspace       used 108931K, capacity 111880K, committed 111944K, reserved 1146880K
  class space    used 14132K, capacity 15300K, committed 15308K, reserved 1048576K
}
Event: 44.372 GC heap before
{Heap before GC invocations=79 (full 0):
 garbage-first heap   total 297984K, used 228030K [0x0000000080000000, 0x0000000100000000)
  region size 1024K, 63 young (64512K), 2 survivors (2048K)
 Metaspace       used 109953K, capacity 112782K, committed 113352K, reserved 1146880K
  class space    used 14136K, capacity 15228K, committed 15436K, reserved 1048576K
}
Event: 44.380 GC heap after
{Heap after GC invocations=80 (full 0):
 garbage-first heap   total 297984K, used 165451K [0x0000000080000000, 0x0000000100000000)
  region size 1024K, 2 young (2048K), 2 survivors (2048K)
 Metaspace       used 109953K, capacity 112782K, committed 113352K, reserved 1146880K
  class space    used 14136K, capacity 15228K, committed 15436K, reserved 1048576K
}
Event: 44.746 GC heap before
{Heap before GC invocations=80 (full 0):
 garbage-first heap   total 297984K, used 230987K [0x0000000080000000, 0x0000000100000000)
  region size 1024K, 66 young (67584K), 2 survivors (2048K)
 Metaspace       used 110105K, capacity 112956K, committed 113352K, reserved 1146880K
  class space    used 14144K, capacity 15264K, committed 15436K, reserved 1048576K
}

Deoptimization events (20 events):
Event: 44.612 Thread 0x000001e7c08d5000 DEOPT PACKING pc=0x000001e7a5e5e27e sp=0x0000005a38bf9a90
Event: 44.612 Thread 0x000001e7c08d5000 DEOPT UNPACKING pc=0x000001e7a363a95e sp=0x0000005a38bf8f08 mode 0
Event: 44.631 Thread 0x000001e7c08d6000 DEOPT PACKING pc=0x000001e7a5bf1d1d sp=0x0000005a389f83c0
Event: 44.631 Thread 0x000001e7c08d6000 DEOPT UNPACKING pc=0x000001e7a363a95e sp=0x0000005a389f79f8 mode 0
Event: 44.661 Thread 0x000001e7c08d6000 DEOPT PACKING pc=0x000001e7a5e5e27e sp=0x0000005a389f8880
Event: 44.661 Thread 0x000001e7c08d6000 DEOPT UNPACKING pc=0x000001e7a363a95e sp=0x0000005a389f7cf8 mode 0
Event: 44.664 Thread 0x000001e7c08d6000 DEOPT PACKING pc=0x000001e7a5a6c7b0 sp=0x0000005a389f8b70
Event: 44.664 Thread 0x000001e7c08d6000 DEOPT UNPACKING pc=0x000001e7a363a95e sp=0x0000005a389f8018 mode 0
Event: 44.670 Thread 0x000001e7c08d6000 DEOPT PACKING pc=0x000001e7a59ba2ba sp=0x0000005a389f8dc0
Event: 44.670 Thread 0x000001e7c08d6000 DEOPT UNPACKING pc=0x000001e7a363a95e sp=0x0000005a389f8348 mode 0
Event: 44.678 Thread 0x000001e7c08d6000 DEOPT PACKING pc=0x000001e7a5e5e27e sp=0x0000005a389f8880
Event: 44.678 Thread 0x000001e7c08d6000 DEOPT UNPACKING pc=0x000001e7a363a95e sp=0x0000005a389f7cf8 mode 0
Event: 44.695 Thread 0x000001e7c08d6000 DEOPT PACKING pc=0x000001e7a5e5e27e sp=0x0000005a389f8880
Event: 44.695 Thread 0x000001e7c08d6000 DEOPT UNPACKING pc=0x000001e7a363a95e sp=0x0000005a389f7cf8 mode 0
Event: 44.705 Thread 0x000001e7c08d5000 DEOPT PACKING pc=0x000001e7a5e5e27e sp=0x0000005a38bfa0d0
Event: 44.705 Thread 0x000001e7c08d5000 DEOPT UNPACKING pc=0x000001e7a363a95e sp=0x0000005a38bf9548 mode 0
Event: 44.706 Thread 0x000001e7c08d5000 DEOPT PACKING pc=0x000001e7a5a6c7b0 sp=0x0000005a38bf94c0
Event: 44.706 Thread 0x000001e7c08d5000 DEOPT UNPACKING pc=0x000001e7a363a95e sp=0x0000005a38bf8968 mode 0
Event: 44.737 Thread 0x000001e7c08d5000 DEOPT PACKING pc=0x000001e7a5e5e27e sp=0x0000005a38bf9a90
Event: 44.737 Thread 0x000001e7c08d5000 DEOPT UNPACKING pc=0x000001e7a363a95e sp=0x0000005a38bf8f08 mode 0

Classes redefined (0 events):
No events

Internal exceptions (20 events):
Event: 41.729 Thread 0x000001e7c08d6000 Exception <a 'java/lang/NoSuchMethodError'{0x000000008a93fa80}: 'java.lang.Object java.lang.invoke.DirectMethodHandle$Holder.invokeStatic(java.lang.Object, int, java.lang.Object, java.lang.Object)'> (0x000000008a93fa80) thrown at [./src/hotspot/share/interpreter/linkResolver.cpp, line 773]
Event: 41.730 Thread 0x000001e7c08d5000 Exception <a 'java/lang/NoSuchMethodError'{0x000000008a9a3308}: 'java.lang.Object java.lang.invoke.DirectMethodHandle$Holder.invokeStatic(java.lang.Object, int, java.lang.Object, java.lang.Object)'> (0x000000008a9a3308) thrown at [./src/hotspot/share/interpreter/linkResolver.cpp, line 773]
Event: 41.730 Thread 0x000001e7c08d3000 Exception <a 'java/lang/NoSuchMethodError'{0x000000008a972620}: 'java.lang.Object java.lang.invoke.DirectMethodHandle$Holder.invokeStatic(java.lang.Object, int, java.lang.Object, java.lang.Object)'> (0x000000008a972620) thrown at [./src/hotspot/share/interpreter/linkResolver.cpp, line 773]
Event: 42.008 Thread 0x000001e7c08d3000 Exception <a 'java/lang/IncompatibleClassChangeError'{0x000000008b27c0d8}: Found class java.lang.Object, but interface was expected> (0x000000008b27c0d8) thrown at [./src/hotspot/share/interpreter/linkResolver.cpp, line 839]
Event: 42.009 Thread 0x000001e7c08d3000 Exception <a 'java/lang/IncompatibleClassChangeError'{0x000000008b285338}: Found class java.lang.Object, but interface was expected> (0x000000008b285338) thrown at [./src/hotspot/share/interpreter/linkResolver.cpp, line 839]
Event: 42.112 Thread 0x000001e7c08d3000 Exception <a 'java/lang/NoSuchMethodError'{0x000000009229d9e0}: 'void java.lang.invoke.DirectMethodHandle$Holder.invokeSpecial(java.lang.Object, java.lang.Object, int, java.lang.Object)'> (0x000000009229d9e0) thrown at [./src/hotspot/share/interpreter/linkResolver.cpp, line 773]
Event: 42.112 Thread 0x000001e7c08d0800 Exception <a 'java/lang/NoSuchMethodError'{0x0000000092180a78}: 'void java.lang.invoke.DirectMethodHandle$Holder.invokeSpecial(java.lang.Object, java.lang.Object, int, java.lang.Object)'> (0x0000000092180a78) thrown at [./src/hotspot/share/interpreter/linkResolver.cpp, line 773]
Event: 42.119 Thread 0x000001e7c08d6000 Exception <a 'java/lang/NoSuchMethodError'{0x0000000092199340}: 'void java.lang.invoke.DirectMethodHandle$Holder.invokeSpecial(java.lang.Object, java.lang.Object, int, java.lang.Object)'> (0x0000000092199340) thrown at [./src/hotspot/share/interpreter/linkResolver.cpp, line 773]
Event: 42.177 Thread 0x000001e7c08d3000 Exception <a 'java/lang/NoSuchMethodError'{0x0000000090c9c0b0}: 'java.lang.Object java.lang.invoke.DirectMethodHandle$Holder.newInvokeSpecial(java.lang.Object, int)'> (0x0000000090c9c0b0) thrown at [./src/hotspot/share/interpreter/linkResolver.cpp, line 773]
Event: 42.178 Thread 0x000001e7c08d6000 Exception <a 'java/lang/NoSuchMethodError'{0x0000000090d3aa80}: 'java.lang.Object java.lang.invoke.DirectMethodHandle$Holder.newInvokeSpecial(java.lang.Object, int)'> (0x0000000090d3aa80) thrown at [./src/hotspot/share/interpreter/linkResolver.cpp, line 773]
Event: 42.516 Thread 0x000001e7c08d0800 Exception <a 'java/lang/NoSuchMethodError'{0x000000008edeae58}: 'java.lang.Object java.lang.invoke.DirectMethodHandle$Holder.invokeSpecial(java.lang.Object, java.lang.Object, java.lang.Object, java.lang.Object, java.lang.Object, java.lang.Object, java.lang.Object, java.lang.Object, java.lang.Object, java.lang.Object, java.lang.Object)'> (0x000000008edeae58) thrown at [./src/hotspot/share/interpreter/linkResolver.cpp, line 773]
Event: 42.517 Thread 0x000001e7c08d0800 Exception <a 'java/lang/NoSuchMethodError'{0x000000008ecb1cb8}: 'java.lang.Object java.lang.invoke.Invokers$Holder.linkToTargetMethod(java.lang.Object, java.lang.Object, java.lang.Object, java.lang.Object, java.lang.Object, java.lang.Object, java.lang.Object, java.lang.Object, java.lang.Object, java.lang.Object)'> (0x000000008ecb1cb8) thrown at [./src/hotspot/share/interpreter/linkResolver.cpp, line 773]
Event: 42.546 Thread 0x000001e7c08d0800 Exception <a 'java/lang/IncompatibleClassChangeError'{0x000000008e87f670}: Found class java.lang.Object, but interface was expected> (0x000000008e87f670) thrown at [./src/hotspot/share/interpreter/linkResolver.cpp, line 839]
Event: 42.665 Thread 0x000001e7c08d6000 Exception <a 'java/lang/NoSuchMethodError'{0x000000009103d368}: 'int java.lang.invoke.DirectMethodHandle$Holder.invokeInterface(java.lang.Object, java.lang.Object, int)'> (0x000000009103d368) thrown at [./src/hotspot/share/interpreter/linkResolver.cpp, line 773]
Event: 42.675 Thread 0x000001e7c08d6000 Exception <a 'java/lang/NoSuchMethodError'{0x0000000090fbafc8}: 'void java.lang.invoke.DirectMethodHandle$Holder.invokeSpecialIFC(java.lang.Object, java.lang.Object, java.lang.Object, java.lang.Object)'> (0x0000000090fbafc8) thrown at [./src/hotspot/share/interpreter/linkResolver.cpp, line 773]
Event: 42.778 Thread 0x000001e7c08d0800 Exception <a 'java/lang/NoSuchMethodError'{0x000000008f9a7bf8}: 'java.lang.Object java.lang.invoke.Invokers$Holder.linkToTargetMethod(java.lang.Object, int, java.lang.Object, java.lang.Object, java.lang.Object, java.lang.Object)'> (0x000000008f9a7bf8) thrown at [./src/hotspot/share/interpreter/linkResolver.cpp, line 773]
Event: 42.779 Thread 0x000001e7c08d0800 Exception <a 'java/lang/NoSuchMethodError'{0x000000008f9e8118}: 'java.lang.Object java.lang.invoke.DirectMethodHandle$Holder.invokeStatic(java.lang.Object, java.lang.Object, java.lang.Object, java.lang.Object, int, java.lang.Object, java.lang.Object)'> (0x000000008f9e8118) thrown at [./src/hotspot/share/interpreter/linkResolver.cpp, line 773]
Event: 42.779 Thread 0x000001e7c08d0800 Exception <a 'java/lang/NoSuchMethodError'{0x000000008f9efc10}: 'java.lang.Object java.lang.invoke.Invokers$Holder.linkToTargetMethod(java.lang.Object, java.lang.Object, java.lang.Object, int, java.lang.Object, java.lang.Object, java.lang.Object)'> (0x000000008f9efc10) thrown at [./src/hotspot/share/interpreter/linkResolver.cpp, line 773]
Event: 42.796 Thread 0x000001e7c08d0800 Exception <a 'java/lang/NoSuchMethodError'{0x000000008f60e388}: 'void java.lang.invoke.DirectMethodHandle$Holder.invokeStatic(java.lang.Object, java.lang.Object, java.lang.Object, java.lang.Object, java.lang.Object, java.lang.Object, java.lang.Object, java.lang.Object)'> (0x000000008f60e388) thrown at [./src/hotspot/share/interpreter/linkResolver.cpp, line 773]
Event: 43.771 Thread 0x000001e7c08d0800 Exception <a 'java/lang/IncompatibleClassChangeError'{0x0000000090f06518}: Found class java.lang.Object, but interface was expected> (0x0000000090f06518) thrown at [./src/hotspot/share/interpreter/linkResolver.cpp, line 839]

Events (20 events):
Event: 44.467 loading class com/android/tools/r8/internal/kV done
Event: 44.469 loading class com/android/tools/r8/code/E0
Event: 44.469 loading class com/android/tools/r8/code/E0 done
Event: 44.469 loading class com/android/tools/r8/code/E0
Event: 44.469 loading class com/android/tools/r8/code/E0 done
Event: 44.472 loading class com/android/tools/r8/code/E0
Event: 44.472 loading class com/android/tools/r8/code/E0 done
Event: 44.540 loading class com/android/tools/r8/internal/G0
Event: 44.540 loading class com/android/tools/r8/internal/G0 done
Event: 44.581 Executing VM operation: ICBufferFull
Event: 44.582 Executing VM operation: ICBufferFull done
Event: 44.595 loading class com/android/tools/r8/internal/vG
Event: 44.595 loading class com/android/tools/r8/internal/vG done
Event: 44.617 loading class com/android/tools/r8/internal/kG
Event: 44.617 loading class com/android/tools/r8/internal/kG done
Event: 44.737 loading class com/android/tools/r8/code/H0
Event: 44.737 loading class com/android/tools/r8/code/H0 done
Event: 44.737 loading class com/android/tools/r8/code/H0
Event: 44.737 loading class com/android/tools/r8/code/H0 done
Event: 44.743 Executing VM operation: G1CollectForAllocation


Dynamic libraries:
0x00007ff6151f0000 - 0x00007ff6151fa000 	D:\AS\jre\bin\java.exe
0x00007ff97c110000 - 0x00007ff97c308000 	C:\WINDOWS\SYSTEM32\ntdll.dll
0x00007ff97b7b0000 - 0x00007ff97b86d000 	C:\WINDOWS\System32\KERNEL32.DLL
0x00007ff979990000 - 0x00007ff979c62000 	C:\WINDOWS\System32\KERNELBASE.dll
0x00007ff979890000 - 0x00007ff979990000 	C:\WINDOWS\System32\ucrtbase.dll
0x00007ff971200000 - 0x00007ff971219000 	D:\AS\jre\bin\jli.dll
0x00007ff9670a0000 - 0x00007ff9670b7000 	D:\AS\jre\bin\VCRUNTIME140.dll
0x00007ff95d7d0000 - 0x00007ff95da6a000 	C:\WINDOWS\WinSxS\amd64_microsoft.windows.common-controls_6595b64144ccf1df_6.0.19041.1110_none_60b5254171f9507e\COMCTL32.dll
0x00007ff97b5b0000 - 0x00007ff97b74d000 	C:\WINDOWS\System32\USER32.dll
0x00007ff97b890000 - 0x00007ff97b92e000 	C:\WINDOWS\System32\msvcrt.dll
0x00007ff979db0000 - 0x00007ff979dd2000 	C:\WINDOWS\System32\win32u.dll
0x00007ff97abf0000 - 0x00007ff97ac1b000 	C:\WINDOWS\System32\GDI32.dll
0x00007ff979c70000 - 0x00007ff979d7f000 	C:\WINDOWS\System32\gdi32full.dll
0x00007ff97a0d0000 - 0x00007ff97a16d000 	C:\WINDOWS\System32\msvcp_win.dll
0x00007ff97abc0000 - 0x00007ff97abf0000 	C:\WINDOWS\System32\IMM32.DLL
0x00007ff954e30000 - 0x00007ff954ecd000 	D:\AS\jre\bin\msvcp140.dll
0x00007ff92a3c0000 - 0x00007ff92aea5000 	D:\AS\jre\bin\server\jvm.dll
0x00007ff97a540000 - 0x00007ff97a5ee000 	C:\WINDOWS\System32\ADVAPI32.dll
0x00007ff97a910000 - 0x00007ff97a9ac000 	C:\WINDOWS\System32\sechost.dll
0x00007ff97a6d0000 - 0x00007ff97a7f5000 	C:\WINDOWS\System32\RPCRT4.dll
0x00007ff97ac20000 - 0x00007ff97ac28000 	C:\WINDOWS\System32\PSAPI.DLL
0x00007ff96c170000 - 0x00007ff96c197000 	C:\WINDOWS\SYSTEM32\WINMM.dll
0x00007ff974ca0000 - 0x00007ff974caa000 	C:\WINDOWS\SYSTEM32\VERSION.dll
0x00007ff95a690000 - 0x00007ff95a699000 	C:\WINDOWS\SYSTEM32\WSOCK32.dll
0x00007ff97ade0000 - 0x00007ff97ae4b000 	C:\WINDOWS\System32\ws2_32.DLL
0x00007ff977700000 - 0x00007ff977712000 	C:\WINDOWS\SYSTEM32\kernel.appcore.dll
0x00007ff96a300000 - 0x00007ff96a311000 	D:\AS\jre\bin\verify.dll
0x00007ff96bdb0000 - 0x00007ff96bf94000 	C:\WINDOWS\SYSTEM32\DBGHELP.DLL
0x00007ff96bd80000 - 0x00007ff96bdac000 	C:\WINDOWS\SYSTEM32\dbgcore.DLL
0x00007ff97a040000 - 0x00007ff97a0c2000 	C:\WINDOWS\System32\bcryptPrimitives.dll
0x00007ff965a70000 - 0x00007ff965a99000 	D:\AS\jre\bin\java.dll
0x00007ff96a2f0000 - 0x00007ff96a2fb000 	D:\AS\jre\bin\jimage.dll
0x00007ff96a200000 - 0x00007ff96a218000 	D:\AS\jre\bin\zip.dll
0x00007ff97ae50000 - 0x00007ff97b593000 	C:\WINDOWS\System32\SHELL32.dll
0x00007ff977900000 - 0x00007ff978091000 	C:\WINDOWS\SYSTEM32\windows.storage.dll
0x00007ff97a1e0000 - 0x00007ff97a534000 	C:\WINDOWS\System32\combase.dll
0x00007ff9791a0000 - 0x00007ff9791d0000 	C:\WINDOWS\SYSTEM32\Wldp.dll
0x00007ff97c020000 - 0x00007ff97c0cd000 	C:\WINDOWS\System32\SHCORE.dll
0x00007ff97a5f0000 - 0x00007ff97a645000 	C:\WINDOWS\System32\shlwapi.dll
0x00007ff979760000 - 0x00007ff97977f000 	C:\WINDOWS\SYSTEM32\profapi.dll
0x00007ff966cc0000 - 0x00007ff966cda000 	D:\AS\jre\bin\net.dll
0x00007ff970930000 - 0x00007ff970a3d000 	C:\WINDOWS\SYSTEM32\WINHTTP.dll
0x00007ff978f00000 - 0x00007ff978f6a000 	C:\WINDOWS\system32\mswsock.dll
0x00007ff966530000 - 0x00007ff966544000 	D:\AS\jre\bin\nio.dll
0x00007ff96ab80000 - 0x00007ff96aba7000 	C:\Users\ochuhvitskyy\.gradle\native\e1d6ef7f7dcc3fd88c89a11ec53ec762bb8ba0a96d01ffa2cd45eb1d1d8dd5c5\windows-amd64\native-platform.dll
0x00007ff94e0e0000 - 0x00007ff94e224000 	C:\Users\ochuhvitskyy\.gradle\native\5664cfc778a61ccfe75a443a1ab52a65af34e5dc3c78e0209fed803814484fcb\windows-amd64\native-platform-file-events.dll
0x00007ff96a2e0000 - 0x00007ff96a2ea000 	D:\AS\jre\bin\management.dll
0x00007ff969600000 - 0x00007ff96960d000 	D:\AS\jre\bin\management_ext.dll
0x00007ff979100000 - 0x00007ff979118000 	C:\WINDOWS\SYSTEM32\CRYPTSP.dll
0x00007ff978820000 - 0x00007ff978854000 	C:\WINDOWS\system32\rsaenh.dll
0x00007ff979d80000 - 0x00007ff979da7000 	C:\WINDOWS\System32\bcrypt.dll
0x00007ff979720000 - 0x00007ff97974e000 	C:\WINDOWS\SYSTEM32\USERENV.dll
0x00007ff9790f0000 - 0x00007ff9790fc000 	C:\WINDOWS\SYSTEM32\CRYPTBASE.dll
0x00007ff978bf0000 - 0x00007ff978c2b000 	C:\WINDOWS\SYSTEM32\IPHLPAPI.DLL
0x00007ff97a1d0000 - 0x00007ff97a1d8000 	C:\WINDOWS\System32\NSI.dll
0x00007ff973540000 - 0x00007ff973557000 	C:\WINDOWS\SYSTEM32\dhcpcsvc6.DLL
0x00007ff973510000 - 0x00007ff97352d000 	C:\WINDOWS\SYSTEM32\dhcpcsvc.DLL
0x00007ff978c30000 - 0x00007ff978cfa000 	C:\WINDOWS\SYSTEM32\DNSAPI.dll

dbghelp: loaded successfully - version: 4.0.5 - missing functions: none
symbol engine: initialized successfully - sym options: 0x614 - pdb path: .;D:\AS\jre\bin;C:\WINDOWS\SYSTEM32;C:\WINDOWS\WinSxS\amd64_microsoft.windows.common-controls_6595b64144ccf1df_6.0.19041.1110_none_60b5254171f9507e;D:\AS\jre\bin\server;C:\Users\ochuhvitskyy\.gradle\native\e1d6ef7f7dcc3fd88c89a11ec53ec762bb8ba0a96d01ffa2cd45eb1d1d8dd5c5\windows-amd64;C:\Users\ochuhvitskyy\.gradle\native\5664cfc778a61ccfe75a443a1ab52a65af34e5dc3c78e0209fed803814484fcb\windows-amd64

VM Arguments:
jvm_args: --add-opens=java.base/java.util=ALL-UNNAMED --add-opens=java.base/java.lang=ALL-UNNAMED --add-opens=java.base/java.lang.invoke=ALL-UNNAMED --add-opens=java.base/java.util=ALL-UNNAMED --add-opens=java.prefs/java.util.prefs=ALL-UNNAMED --add-opens=java.prefs/java.util.prefs=ALL-UNNAMED --add-opens=java.base/java.nio.charset=ALL-UNNAMED --add-opens=java.base/java.net=ALL-UNNAMED --add-opens=java.base/java.util.concurrent.atomic=ALL-UNNAMED -Xmx2048m -Dfile.encoding=UTF-8 -Duser.country=UA -Duser.language=uk -Duser.variant 
java_command: org.gradle.launcher.daemon.bootstrap.GradleDaemon 7.3.3
java_class_path (initial): C:\Users\ochuhvitskyy\.gradle\wrapper\dists\gradle-7.3.3-bin\6a41zxkdtcxs8rphpq6y0069z\gradle-7.3.3\lib\gradle-launcher-7.3.3.jar
Launcher Type: SUN_STANDARD

[Global flags]
     intx CICompilerCount                          = 3                                         {product} {ergonomic}
     uint ConcGCThreads                            = 1                                         {product} {ergonomic}
     uint G1ConcRefinementThreads                  = 4                                         {product} {ergonomic}
   size_t G1HeapRegionSize                         = 1048576                                   {product} {ergonomic}
    uintx GCDrainStackTargetSize                   = 64                                        {product} {ergonomic}
   size_t InitialHeapSize                          = 67108864                                  {product} {ergonomic}
   size_t MarkStackSize                            = 4194304                                   {product} {ergonomic}
   size_t MaxHeapSize                              = 2147483648                                {product} {command line}
   size_t MaxNewSize                               = 1287651328                                {product} {ergonomic}
   size_t MinHeapDeltaBytes                        = 1048576                                   {product} {ergonomic}
    uintx NonNMethodCodeHeapSize                   = 5830732                                {pd product} {ergonomic}
    uintx NonProfiledCodeHeapSize                  = 122913754                              {pd product} {ergonomic}
    uintx ProfiledCodeHeapSize                     = 122913754                              {pd product} {ergonomic}
    uintx ReservedCodeCacheSize                    = 251658240                              {pd product} {ergonomic}
     bool SegmentedCodeCache                       = true                                      {product} {ergonomic}
     bool UseCompressedClassPointers               = true                                 {lp64_product} {ergonomic}
     bool UseCompressedOops                        = true                                 {lp64_product} {ergonomic}
     bool UseG1GC                                  = true                                      {product} {ergonomic}
     bool UseLargePagesIndividualAllocation        = false                                  {pd product} {ergonomic}

Logging:
Log output configuration:
 #0: stdout all=warning uptime,level,tags
 #1: stderr all=off uptime,level,tags

Environment Variables:
PATH=C:\Program Files\Common Files\Oracle\Java\javapath;C:\Program Files (x86)\NVIDIA Corporation\PhysX\Common;C:\WINDOWS\system32;C:\WINDOWS;C:\WINDOWS\System32\Wbem;C:\WINDOWS\System32\WindowsPowerShell\v1.0\;C:\WINDOWS\System32\OpenSSH\;C:\Program Files (x86)\Windows Kits\8.1\Windows Performance Toolkit\;C:\Program Files (x86)\IVI Foundation\VISA\WinNT\Bin;C:\Program Files\IVI Foundation\VISA\Win64\Bin\;C:\VISA\WinNTBin;C:\Program Files\Git\cmd;C:\Users\ochuhvitskyy\AppData\Local\Microsoft\WindowsApps;C:\Users\ochuhvitskyy\AppData\Local\GitHubDesktop\bin
USERNAME=ochuhvitskyy
OS=Windows_NT
PROCESSOR_IDENTIFIER=Intel64 Family 6 Model 158 Stepping 11, GenuineIntel



---------------  S Y S T E M  ---------------

OS: Windows 10 , 64 bit Build 19041 (10.0.19041.1889)
OS uptime: 8 days 0:49 hours

CPU:total 4 (initial active 4) (4 cores per cpu, 1 threads per core) family 6 model 158 stepping 11 microcode 0xb4, cmov, cx8, fxsr, mmx, sse, sse2, sse3, ssse3, sse4.1, sse4.2, popcnt, avx, avx2, aes, clmul, erms, 3dnowpref, lzcnt, tsc, tscinvbit, bmi1, bmi2, adx, fma

Memory: 4k page, system-wide physical 4044M (346M free)
TotalPageFile size 8140M (AvailPageFile size 297M)
current process WorkingSet (physical memory assigned to process): 307M, peak: 478M
current process commit charge ("private bytes"): 703M, peak: 1045M

vm_info: OpenJDK 64-Bit Server VM (11.0.12+7-b1504.28-7817840) for windows-amd64 JRE (11.0.12+7-b1504.28-7817840), built on Oct 13 2021 22:12:33 by "builder" with MS VC++ 14.0 (VS2015)

END.
